Using pre-set license
Built from '2021.3/staging' branch; Version is '2021.3.1f1 (3b70a0754835) revision 3895456'; Using compiler version '192829333'; Build Type 'Release'
OS: 'Windows 10  (10.0.19045) 64bit Professional' Language: 'en' Physical Memory: 16255 MB
BatchMode: 1, IsHumanControllingUs: 0, StartBugReporterOnCrash: 0, Is64bit: 1, IsPro: 1

COMMAND LINE ARGUMENTS:
C:\Program Files\Unity\Hub\Editor\2021.3.1f1\Editor\Unity.exe
-adb2
-batchMode
-noUpm
-name
AssetImportWorker0
-projectPath
E:/UnityProjects/GarbageTruck_AK_Global
-logFile
Logs/AssetImportWorker0.log
-srvPort
49757
Successfully changed project path to: E:/UnityProjects/GarbageTruck_AK_Global
E:/UnityProjects/GarbageTruck_AK_Global
[UnityMemory] Configuration Parameters - Can be set up in boot.config
    "memorysetup-bucket-allocator-granularity=16"
    "memorysetup-bucket-allocator-bucket-count=8"
    "memorysetup-bucket-allocator-block-size=33554432"
    "memorysetup-bucket-allocator-block-count=8"
    "memorysetup-main-allocator-block-size=16777216"
    "memorysetup-thread-allocator-block-size=16777216"
    "memorysetup-gfx-main-allocator-block-size=16777216"
    "memorysetup-gfx-thread-allocator-block-size=16777216"
    "memorysetup-cache-allocator-block-size=4194304"
    "memorysetup-typetree-allocator-block-size=2097152"
    "memorysetup-profiler-bucket-allocator-granularity=16"
    "memorysetup-profiler-bucket-allocator-bucket-count=8"
    "memorysetup-profiler-bucket-allocator-block-size=33554432"
    "memorysetup-profiler-bucket-allocator-block-count=8"
    "memorysetup-profiler-allocator-block-size=16777216"
    "memorysetup-profiler-editor-allocator-block-size=1048576"
    "memorysetup-temp-allocator-size-main=16777216"
    "memorysetup-job-temp-allocator-block-size=2097152"
    "memorysetup-job-temp-allocator-block-size-background=1048576"
    "memorysetup-job-temp-allocator-reduction-small-platforms=262144"
    "memorysetup-temp-allocator-size-background-worker=32768"
    "memorysetup-temp-allocator-size-job-worker=262144"
    "memorysetup-temp-allocator-size-preload-manager=33554432"
    "memorysetup-temp-allocator-size-nav-mesh-worker=65536"
    "memorysetup-temp-allocator-size-audio-worker=65536"
    "memorysetup-temp-allocator-size-cloud-worker=32768"
    "memorysetup-temp-allocator-size-gi-baking-worker=262144"
    "memorysetup-temp-allocator-size-gfx=262144"
Refreshing native plugins compatible for Editor in 105.93 ms, found 4 plugins.
Preloading 0 native plugins for Editor in 0.00 ms.
Initialize engine version: 2021.3.1f1 (3b70a0754835)
[Subsystems] Discovering subsystems at path C:/Program Files/Unity/Hub/Editor/2021.3.1f1/Editor/Data/Resources/UnitySubsystems
[Subsystems] Discovering subsystems at path E:/UnityProjects/GarbageTruck_AK_Global/Assets
GfxDevice: creating device client; threaded=0; jobified=0
Direct3D:
    Version:  Direct3D 11.0 [level 11.1]
    Renderer: Intel(R) HD Graphics P4600/P4700 (ID=0x41a)
    Vendor:   Intel
    VRAM:     2048 MB
    Driver:   20.19.15.4624
Initialize mono
Mono path[0] = 'C:/Program Files/Unity/Hub/Editor/2021.3.1f1/Editor/Data/Managed'
Mono path[1] = 'C:/Program Files/Unity/Hub/Editor/2021.3.1f1/Editor/Data/MonoBleedingEdge/lib/mono/unityjit-win32'
Mono config path = 'C:/Program Files/Unity/Hub/Editor/2021.3.1f1/Editor/Data/MonoBleedingEdge/etc'
Using monoOptions --debugger-agent=transport=dt_socket,embedding=1,server=y,suspend=n,address=127.0.0.1:56944
Begin MonoManager ReloadAssembly
Registering precompiled unity dll's ...
Register platform support module: C:/Program Files/Unity/Hub/Editor/2021.3.1f1/Editor/Data/PlaybackEngines/AndroidPlayer/UnityEditor.Android.Extensions.dll
Register platform support module: C:/Program Files/Unity/Hub/Editor/2021.3.1f1/Editor/Data/PlaybackEngines/WindowsStandaloneSupport/UnityEditor.WindowsStandalone.Extensions.dll
Registered in 0.008819 seconds.
Native extension for WindowsStandalone target not found
Native extension for Android target not found
Refreshing native plugins compatible for Editor in 99.51 ms, found 4 plugins.
Preloading 0 native plugins for Editor in 0.00 ms.
Mono: successfully reloaded assembly
- Completed reload, in  0.936 seconds
Domain Reload Profiling:
	ReloadAssembly (937ms)
		BeginReloadAssembly (109ms)
			ExecutionOrderSort (0ms)
			DisableScriptedObjects (0ms)
			BackupInstance (0ms)
			ReleaseScriptingObjects (0ms)
			CreateAndSetChildDomain (1ms)
		EndReloadAssembly (662ms)
			LoadAssemblies (106ms)
			RebuildTransferFunctionScriptingTraits (0ms)
			SetupTypeCache (168ms)
			ReleaseScriptCaches (0ms)
			RebuildScriptCaches (40ms)
			SetupLoadedEditorAssemblies (380ms)
				LogAssemblyErrors (0ms)
				InitializePlatformSupportModulesInManaged (78ms)
				SetLoadedEditorAssemblies (0ms)
				RefreshPlugins (100ms)
				BeforeProcessingInitializeOnLoad (2ms)
				ProcessInitializeOnLoadAttributes (139ms)
				ProcessInitializeOnLoadMethodAttributes (61ms)
				AfterProcessingInitializeOnLoad (0ms)
				EditorAssembliesLoaded (0ms)
			ExecutionOrderSort2 (0ms)
			AwakeInstancesAfterBackupRestoration (0ms)
Platform modules already initialized, skipping
Registering precompiled user dll's ...
Registered in 0.010081 seconds.
Begin MonoManager ReloadAssembly
OnLevelWasLoaded was found on ShowcaseGUI
This message has been deprecated and will be removed in a later version of Unity.
Add a delegate to SceneManager.sceneLoaded instead to get notifications after scene loading has completed
Native extension for WindowsStandalone target not found
Native extension for Android target not found
Refreshing native plugins compatible for Editor in 3.05 ms, found 4 plugins.
Preloading 0 native plugins for Editor in 0.00 ms.
Mono: successfully reloaded assembly
- Completed reload, in  1.566 seconds
Domain Reload Profiling:
	ReloadAssembly (1568ms)
		BeginReloadAssembly (283ms)
			ExecutionOrderSort (0ms)
			DisableScriptedObjects (7ms)
			BackupInstance (0ms)
			ReleaseScriptingObjects (0ms)
			CreateAndSetChildDomain (136ms)
		EndReloadAssembly (1111ms)
			LoadAssemblies (122ms)
			RebuildTransferFunctionScriptingTraits (0ms)
			SetupTypeCache (253ms)
			ReleaseScriptCaches (1ms)
			RebuildScriptCaches (103ms)
			SetupLoadedEditorAssemblies (595ms)
				LogAssemblyErrors (0ms)
				InitializePlatformSupportModulesInManaged (28ms)
				SetLoadedEditorAssemblies (1ms)
				RefreshPlugins (3ms)
				BeforeProcessingInitializeOnLoad (77ms)
				ProcessInitializeOnLoadAttributes (440ms)
				ProcessInitializeOnLoadMethodAttributes (37ms)
				AfterProcessingInitializeOnLoad (9ms)
				EditorAssembliesLoaded (0ms)
			ExecutionOrderSort2 (0ms)
			AwakeInstancesAfterBackupRestoration (8ms)
Platform modules already initialized, skipping
========================================================================
Worker process is ready to serve import requests
Launched and connected shader compiler UnityShaderCompiler.exe after 0.07 seconds
Refreshing native plugins compatible for Editor in 3.32 ms, found 4 plugins.
Preloading 0 native plugins for Editor in 0.00 ms.
Unloading 2733 Unused Serialized files (Serialized files now loaded: 0)
Unloading 148 unused Assets / (108.1 KB). Loaded Objects now: 3164.
Memory consumption went from 155.9 MB to 155.8 MB.
Total: 9.219900 ms (FindLiveObjects: 0.531700 ms CreateObjectMapping: 0.238400 ms MarkObjects: 8.084700 ms  DeleteObjects: 0.363000 ms)

AssetImportParameters requested are different than current active one (requested -> active):
  custom:video-decoder-ogg-theora: a1e56fd34408186e4bbccfd4996cb3dc -> 
  custom:container-muxer-webm: aa71ff27fc2769a1b78a27578f13a17b -> 
  custom:container-demuxer-webm: 4f35f7cbe854078d1ac9338744f61a02 -> 
  custom:video-encoder-webm-vp8: eb34c28f22e8b96e1ab97ce403110664 -> 
  custom:audio-encoder-webm-vorbis: bf7c407c2cedff20999df2af8eb42d56 -> 
  custom:framework-win-MediaFoundation: 216162199b28c13a410421893ffa2e32 -> 
  custom:container-demuxer-ogg: 62fdf1f143b41e24485cea50d1cbac27 -> 
  custom:video-decoder-webm-vp8: 9c59270c3fd7afecdb556c50c9e8de78 -> 
  custom:audio-decoder-ogg-vorbis: bf7c407c2cedff20999df2af8eb42d56 -> 
========================================================================
Received Import Request.
  Time since last request: 121158.469714 seconds.
  path: Assets/Epic Toon FX/Materials/Basics/glow2_ADD.mat
  artifactKey: Guid(b29e688b444288148ad46d4aae66cffc) Importer(815301076,1909f56bfc062723c751e8b465ee728b)
Start importing Assets/Epic Toon FX/Materials/Basics/glow2_ADD.mat using Guid(b29e688b444288148ad46d4aae66cffc) Importer(815301076,1909f56bfc062723c751e8b465ee728b)  -> (artifact id: 'af3e88aa4b4d80b0be21199739617d03') in 0.205223 seconds 
========================================================================
Received Import Request.
  Time since last request: 21.622451 seconds.
  path: Assets/Epic Toon FX/Prefabs/Environment/Dust/DustDirtyPoofSoft.prefab
  artifactKey: Guid(146d2ff25be0f824fa285b16b2915ff3) Importer(815301076,1909f56bfc062723c751e8b465ee728b)
Start importing Assets/Epic Toon FX/Prefabs/Environment/Dust/DustDirtyPoofSoft.prefab using Guid(146d2ff25be0f824fa285b16b2915ff3) Importer(815301076,1909f56bfc062723c751e8b465ee728b)  -> (artifact id: '6804a5e16bab02471f94f47fb72ccc1d') in 0.046322 seconds 
========================================================================
Received Import Request.
  Time since last request: 0.736567 seconds.
  path: Assets/Epic Toon FX/Materials/Basics/cloud_2x2_soft_AB.mat
  artifactKey: Guid(719f8d52fe2e6b444b41c2f7a8fe587b) Importer(815301076,1909f56bfc062723c751e8b465ee728b)
Start importing Assets/Epic Toon FX/Materials/Basics/cloud_2x2_soft_AB.mat using Guid(719f8d52fe2e6b444b41c2f7a8fe587b) Importer(815301076,1909f56bfc062723c751e8b465ee728b)  -> (artifact id: 'ff624771996498f74e8660e1694d953b') in 0.025358 seconds 
========================================================================
Received Import Request.
  Time since last request: 1.748096 seconds.
  path: Assets/Epic Toon FX/Prefabs/Environment/Dust/DustDirtyPoofSoft.prefab
  artifactKey: Guid(146d2ff25be0f824fa285b16b2915ff3) Importer(815301076,1909f56bfc062723c751e8b465ee728b)
Start importing Assets/Epic Toon FX/Prefabs/Environment/Dust/DustDirtyPoofSoft.prefab using Guid(146d2ff25be0f824fa285b16b2915ff3) Importer(815301076,1909f56bfc062723c751e8b465ee728b)  -> (artifact id: 'dffb9f497271d6f4749869931e594fda') in 0.017711 seconds 
========================================================================
Received Import Request.
  Time since last request: 10.486513 seconds.
  path: Assets/Epic Toon FX/Prefabs/Environment/Dust/DustDirtyPoofSoft.prefab
  artifactKey: Guid(146d2ff25be0f824fa285b16b2915ff3) Importer(815301076,1909f56bfc062723c751e8b465ee728b)
Start importing Assets/Epic Toon FX/Prefabs/Environment/Dust/DustDirtyPoofSoft.prefab using Guid(146d2ff25be0f824fa285b16b2915ff3) Importer(815301076,1909f56bfc062723c751e8b465ee728b)  -> (artifact id: 'c8f8dc792fb3395c20304fde6be8d2be') in 0.017895 seconds 
========================================================================
Received Import Request.
  Time since last request: 3.557111 seconds.
  path: Assets/Epic Toon FX/Prefabs/Environment/Dust/DustDirtyPoofSoft.prefab
  artifactKey: Guid(146d2ff25be0f824fa285b16b2915ff3) Importer(815301076,1909f56bfc062723c751e8b465ee728b)
Start importing Assets/Epic Toon FX/Prefabs/Environment/Dust/DustDirtyPoofSoft.prefab using Guid(146d2ff25be0f824fa285b16b2915ff3) Importer(815301076,1909f56bfc062723c751e8b465ee728b)  -> (artifact id: '64516450a05ec5e1d9fb7ab693298e05') in 0.016487 seconds 
========================================================================
Received Import Request.
  Time since last request: 8.456283 seconds.
  path: Assets/Epic Toon FX/Prefabs/Environment/Dust/DustDirtyPoofSoft.prefab
  artifactKey: Guid(146d2ff25be0f824fa285b16b2915ff3) Importer(815301076,1909f56bfc062723c751e8b465ee728b)
Start importing Assets/Epic Toon FX/Prefabs/Environment/Dust/DustDirtyPoofSoft.prefab using Guid(146d2ff25be0f824fa285b16b2915ff3) Importer(815301076,1909f56bfc062723c751e8b465ee728b)  -> (artifact id: '45e374d80330f5e4cb0da5e2b69edef2') in 0.017548 seconds 
========================================================================
Received Import Request.
  Time since last request: 9.726465 seconds.
  path: Assets/Epic Toon FX/Prefabs/Environment/Dust/DustDirtyPoofSoft.prefab
  artifactKey: Guid(146d2ff25be0f824fa285b16b2915ff3) Importer(815301076,1909f56bfc062723c751e8b465ee728b)
Start importing Assets/Epic Toon FX/Prefabs/Environment/Dust/DustDirtyPoofSoft.prefab using Guid(146d2ff25be0f824fa285b16b2915ff3) Importer(815301076,1909f56bfc062723c751e8b465ee728b)  -> (artifact id: 'cec342176c8236871668c27a05c8e0e4') in 0.020221 seconds 
========================================================================
Received Import Request.
  Time since last request: 7.506493 seconds.
  path: Assets/Camera Filter Pack/Resources/CameraFilterPack_WaterDrop.png
  artifactKey: Guid(7d99ba4239861624f85326c0575ad01f) Importer(815301076,1909f56bfc062723c751e8b465ee728b)
Start importing Assets/Camera Filter Pack/Resources/CameraFilterPack_WaterDrop.png using Guid(7d99ba4239861624f85326c0575ad01f) Importer(815301076,1909f56bfc062723c751e8b465ee728b)  -> (artifact id: 'ae33de709027ebca3ab70d2096872c5c') in 0.093308 seconds 
========================================================================
Received Import Request.
  Time since last request: 0.072792 seconds.
  path: Assets/Epic Toon FX/Prefabs/Interactive/Powerups/PowerOrb/Elemental/PowerOrbWaterElemental.prefab
  artifactKey: Guid(0838b9c5f2f7376419abf8116bb66082) Importer(815301076,1909f56bfc062723c751e8b465ee728b)
Start importing Assets/Epic Toon FX/Prefabs/Interactive/Powerups/PowerOrb/Elemental/PowerOrbWaterElemental.prefab using Guid(0838b9c5f2f7376419abf8116bb66082) Importer(815301076,1909f56bfc062723c751e8b465ee728b)  -> (artifact id: '267a48b6c4c71f6f37ae05da4e707bb3') in 0.130835 seconds 
========================================================================
Received Import Request.
  Time since last request: 0.000022 seconds.
  path: Assets/Realistic Water Pack/Procedure Water/Material/TI Realistic Water (Texture).png
  artifactKey: Guid(23504d3b8be33974299d63e70af73f43) Importer(815301076,1909f56bfc062723c751e8b465ee728b)
Start importing Assets/Realistic Water Pack/Procedure Water/Material/TI Realistic Water (Texture).png using Guid(23504d3b8be33974299d63e70af73f43) Importer(815301076,1909f56bfc062723c751e8b465ee728b)  -> (artifact id: 'b00da146a886914f6c7d020ac550e829') in 0.035055 seconds 
========================================================================
Received Import Request.
  Time since last request: 0.000023 seconds.
  path: Assets/Epic Toon FX/Prefabs/Combat/Explosions (Text)/Splat(Water).prefab
  artifactKey: Guid(1ecddc23a35d3cd4eaf5d8c94fd9a890) Importer(815301076,1909f56bfc062723c751e8b465ee728b)
Start importing Assets/Epic Toon FX/Prefabs/Combat/Explosions (Text)/Splat(Water).prefab using Guid(1ecddc23a35d3cd4eaf5d8c94fd9a890) Importer(815301076,1909f56bfc062723c751e8b465ee728b)  -> (artifact id: '0491db1753dca59031d13e9acd05b529') in 0.180202 seconds 
========================================================================
Received Import Request.
  Time since last request: 0.738696 seconds.
  path: Assets/Misc/Material/Water.mat
  artifactKey: Guid(4e98575c7cf348aa4cfc0bedda3c8f10) Importer(815301076,1909f56bfc062723c751e8b465ee728b)
Start importing Assets/Misc/Material/Water.mat using Guid(4e98575c7cf348aa4cfc0bedda3c8f10) Importer(815301076,1909f56bfc062723c751e8b465ee728b)  -> (artifact id: 'fe002d5413bafc96e47487f83bb6d446') in 0.284286 seconds 
========================================================================
Received Import Request.
  Time since last request: 0.000025 seconds.
  path: Assets/Epic Toon FX/Textures/water_trsp_3x3.png
  artifactKey: Guid(d3aa4da4b3f364041bf2774af9b80c34) Importer(815301076,1909f56bfc062723c751e8b465ee728b)
Start importing Assets/Epic Toon FX/Textures/water_trsp_3x3.png using Guid(d3aa4da4b3f364041bf2774af9b80c34) Importer(815301076,1909f56bfc062723c751e8b465ee728b)  -> (artifact id: 'c20f9e059529adedbe04a54e31244080') in 0.061951 seconds 
========================================================================
Received Import Request.
  Time since last request: 0.000047 seconds.
  path: Assets/Epic Toon FX/Textures/water_soft_3x3.png
  artifactKey: Guid(f66df19a6b49af841a4ce540862a795a) Importer(815301076,1909f56bfc062723c751e8b465ee728b)
Start importing Assets/Epic Toon FX/Textures/water_soft_3x3.png using Guid(f66df19a6b49af841a4ce540862a795a) Importer(815301076,1909f56bfc062723c751e8b465ee728b)  -> (artifact id: '2ccfe4b8f85d0cc06c4505061fe4f3ee') in 0.066405 seconds 
========================================================================
Received Import Request.
  Time since last request: 0.000035 seconds.
  path: Assets/Epic Toon FX/Materials/Misc/Liquid/water_trsp_3x3_AB.mat
  artifactKey: Guid(ca046bf1f22c3614087221944c5cfea2) Importer(815301076,1909f56bfc062723c751e8b465ee728b)
Start importing Assets/Epic Toon FX/Materials/Misc/Liquid/water_trsp_3x3_AB.mat using Guid(ca046bf1f22c3614087221944c5cfea2) Importer(815301076,1909f56bfc062723c751e8b465ee728b)  -> (artifact id: '8d39c7ba6ba7402f2875d29268aad746') in 0.045630 seconds 
========================================================================
Received Import Request.
  Time since last request: 9.166952 seconds.
  path: Assets/Epic Toon FX/Materials/Misc/Liquid/drop_AB.mat
  artifactKey: Guid(8c90b6e3637e4fd499d5ff1d47052517) Importer(815301076,1909f56bfc062723c751e8b465ee728b)
Start importing Assets/Epic Toon FX/Materials/Misc/Liquid/drop_AB.mat using Guid(8c90b6e3637e4fd499d5ff1d47052517) Importer(815301076,1909f56bfc062723c751e8b465ee728b)  -> (artifact id: '43d69aa380fa8b909d68395c1c633f76') in 0.019694 seconds 
========================================================================
Received Import Request.
  Time since last request: 2.623836 seconds.
  path: Assets/Epic Toon FX/Materials/Basics/glow1_ADD.mat
  artifactKey: Guid(e653836c30661fe419b8992e230ca189) Importer(815301076,1909f56bfc062723c751e8b465ee728b)
Start importing Assets/Epic Toon FX/Materials/Basics/glow1_ADD.mat using Guid(e653836c30661fe419b8992e230ca189) Importer(815301076,1909f56bfc062723c751e8b465ee728b)  -> (artifact id: '835919a749e93697c96b51c20fff19aa') in 0.023463 seconds 
========================================================================
Received Import Request.
  Time since last request: 41.182828 seconds.
  path: Assets/Realistic Water Pack/Minimalistic Water
  artifactKey: Guid(7c0b8a9da0a08024eaf845b637248737) Importer(815301076,1909f56bfc062723c751e8b465ee728b)
Start importing Assets/Realistic Water Pack/Minimalistic Water using Guid(7c0b8a9da0a08024eaf845b637248737) Importer(815301076,1909f56bfc062723c751e8b465ee728b)  -> (artifact id: '2e0c8db271d3322e6f9970fc9fe264b5') in 0.009001 seconds 
========================================================================
Received Import Request.
  Time since last request: 0.511747 seconds.
  path: Assets/Water FX Pack
  artifactKey: Guid(90023a2009fb3d54f9ed58cee14a058a) Importer(815301076,1909f56bfc062723c751e8b465ee728b)
Start importing Assets/Water FX Pack using Guid(90023a2009fb3d54f9ed58cee14a058a) Importer(815301076,1909f56bfc062723c751e8b465ee728b)  -> (artifact id: 'ba28abdb56b933f9596b2027a8598881') in 0.008883 seconds 
========================================================================
Received Import Request.
  Time since last request: 0.083888 seconds.
  path: Assets/Assets/Texture2D/WaterBasicNormals.png
  artifactKey: Guid(23a80d6f0309fea4e8231ebcac6a15d8) Importer(815301076,1909f56bfc062723c751e8b465ee728b)
Start importing Assets/Assets/Texture2D/WaterBasicNormals.png using Guid(23a80d6f0309fea4e8231ebcac6a15d8) Importer(815301076,1909f56bfc062723c751e8b465ee728b)  -> (artifact id: 'f9d5e5e222e539411f64f66166797562') in 0.034407 seconds 
========================================================================
Received Import Request.
  Time since last request: 0.000035 seconds.
  path: Assets/Epic Toon FX/Prefabs/Environment/Water/Flowing/Sharp/WaterDripDynamicSharp.prefab
  artifactKey: Guid(965b745a6a429bb4285dddc772beb3e2) Importer(815301076,1909f56bfc062723c751e8b465ee728b)
Start importing Assets/Epic Toon FX/Prefabs/Environment/Water/Flowing/Sharp/WaterDripDynamicSharp.prefab using Guid(965b745a6a429bb4285dddc772beb3e2) Importer(815301076,1909f56bfc062723c751e8b465ee728b)  -> (artifact id: '5952a04c5755b865dc4fd5613d4812a2') in 0.074239 seconds 
========================================================================
Received Import Request.
  Time since last request: 0.000035 seconds.
  path: Assets/Epic Toon FX/Prefabs/Environment/Water/Flowing/Transparent/WaterDripDynamicTrsp.prefab
  artifactKey: Guid(89d09238ef33b3b4590a28350e7477b0) Importer(815301076,1909f56bfc062723c751e8b465ee728b)
Start importing Assets/Epic Toon FX/Prefabs/Environment/Water/Flowing/Transparent/WaterDripDynamicTrsp.prefab using Guid(89d09238ef33b3b4590a28350e7477b0) Importer(815301076,1909f56bfc062723c751e8b465ee728b)  -> (artifact id: 'a7f2c1143f27a137ae30bbac4426ad4b') in 0.035592 seconds 
========================================================================
Received Import Request.
  Time since last request: 0.000019 seconds.
  path: Assets/Epic Toon FX/Prefabs/Environment/Water/Flowing/Soft/WaterDripFlowSoft.prefab
  artifactKey: Guid(9b70cd7433df3484396fdec7eae38f39) Importer(815301076,1909f56bfc062723c751e8b465ee728b)
Start importing Assets/Epic Toon FX/Prefabs/Environment/Water/Flowing/Soft/WaterDripFlowSoft.prefab using Guid(9b70cd7433df3484396fdec7eae38f39) Importer(815301076,1909f56bfc062723c751e8b465ee728b)  -> (artifact id: '011ec279ee849f436146712587820491') in 0.035010 seconds 
========================================================================
Received Import Request.
  Time since last request: 0.000024 seconds.
  path: Assets/Epic Toon FX/Prefabs/Combat/Blood/Water/WaterDripping.prefab
  artifactKey: Guid(0d44674755f80ec4da78bf6a7a395a4a) Importer(815301076,1909f56bfc062723c751e8b465ee728b)
Start importing Assets/Epic Toon FX/Prefabs/Combat/Blood/Water/WaterDripping.prefab using Guid(0d44674755f80ec4da78bf6a7a395a4a) Importer(815301076,1909f56bfc062723c751e8b465ee728b)  -> (artifact id: 'aa24bc11a861640ad95e7a2f2562ee33') in 0.053411 seconds 
========================================================================
Received Import Request.
  Time since last request: 0.019731 seconds.
  path: Assets/Epic Toon FX/Prefabs 2D/Water/Flowing/WaterDripping2D.prefab
  artifactKey: Guid(a6f71d3c58dc8e5469f8f95318e573ff) Importer(815301076,1909f56bfc062723c751e8b465ee728b)
Start importing Assets/Epic Toon FX/Prefabs 2D/Water/Flowing/WaterDripping2D.prefab using Guid(a6f71d3c58dc8e5469f8f95318e573ff) Importer(815301076,1909f56bfc062723c751e8b465ee728b)  -> (artifact id: 'e08d5c829de3ce4990fe2dd8528b0d55') in 0.043479 seconds 
========================================================================
Received Import Request.
  Time since last request: 0.000021 seconds.
  path: Assets/Epic Toon FX/Prefabs/Environment/Water/Flowing/Sharp/WaterDripSharp.prefab
  artifactKey: Guid(e1e7a2d54d04a144f8894de5364003f7) Importer(815301076,1909f56bfc062723c751e8b465ee728b)
Start importing Assets/Epic Toon FX/Prefabs/Environment/Water/Flowing/Sharp/WaterDripSharp.prefab using Guid(e1e7a2d54d04a144f8894de5364003f7) Importer(815301076,1909f56bfc062723c751e8b465ee728b)  -> (artifact id: '5014d8144e7544d91fb67d2816e85011') in 0.041571 seconds 
========================================================================
Received Import Request.
  Time since last request: 0.000022 seconds.
  path: Assets/Epic Toon FX/Prefabs/Combat/Blood/Water/WaterExplosion.prefab
  artifactKey: Guid(2a2eb40ae9f1b1b4caf51d97f6c8fb10) Importer(815301076,1909f56bfc062723c751e8b465ee728b)
Start importing Assets/Epic Toon FX/Prefabs/Combat/Blood/Water/WaterExplosion.prefab using Guid(2a2eb40ae9f1b1b4caf51d97f6c8fb10) Importer(815301076,1909f56bfc062723c751e8b465ee728b)  -> (artifact id: '6d978c4329150b47ad6cf300228d7448') in 0.032912 seconds 
========================================================================
Received Import Request.
  Time since last request: 0.000020 seconds.
  path: Assets/Epic Toon FX/Prefabs/Combat/Blood/Water/WaterExplosionRound.prefab
  artifactKey: Guid(cdc64e98df4cda941820127aa8b9eb37) Importer(815301076,1909f56bfc062723c751e8b465ee728b)
Start importing Assets/Epic Toon FX/Prefabs/Combat/Blood/Water/WaterExplosionRound.prefab using Guid(cdc64e98df4cda941820127aa8b9eb37) Importer(815301076,1909f56bfc062723c751e8b465ee728b)  -> (artifact id: 'e089a3826f0048a7eb2f2ef5e734ef8d') in 0.030934 seconds 
========================================================================
Received Import Request.
  Time since last request: 0.000017 seconds.
  path: Assets/Epic Toon FX/Prefabs/Combat/Blood/Water/WaterExplosionSpiky.prefab
  artifactKey: Guid(54231eaf7e880fe41a4f8c203b3e3440) Importer(815301076,1909f56bfc062723c751e8b465ee728b)
Start importing Assets/Epic Toon FX/Prefabs/Combat/Blood/Water/WaterExplosionSpiky.prefab using Guid(54231eaf7e880fe41a4f8c203b3e3440) Importer(815301076,1909f56bfc062723c751e8b465ee728b)  -> (artifact id: 'b31a58c1332f9c2a3977114172635794') in 0.045584 seconds 
========================================================================
Received Import Request.
  Time since last request: 0.000019 seconds.
  path: Assets/Epic Toon FX/Prefabs/Environment/Water/Flowing/Sharp/WaterfallBigSharp.prefab
  artifactKey: Guid(559b36e032a8acb44a5ffe0ededc6df9) Importer(815301076,1909f56bfc062723c751e8b465ee728b)
Start importing Assets/Epic Toon FX/Prefabs/Environment/Water/Flowing/Sharp/WaterfallBigSharp.prefab using Guid(559b36e032a8acb44a5ffe0ededc6df9) Importer(815301076,1909f56bfc062723c751e8b465ee728b)  -> (artifact id: '1cd214657ca74e555828c770bd0b55db') in 0.074393 seconds 
========================================================================
Received Import Request.
  Time since last request: 20.773710 seconds.
  path: Assets/Epic Toon FX/Materials/Misc/Bubbles/bubble_round3_ADD.mat
  artifactKey: Guid(3d0bdb19affdc5741b6d457ee719ed02) Importer(815301076,1909f56bfc062723c751e8b465ee728b)
Start importing Assets/Epic Toon FX/Materials/Misc/Bubbles/bubble_round3_ADD.mat using Guid(3d0bdb19affdc5741b6d457ee719ed02) Importer(815301076,1909f56bfc062723c751e8b465ee728b)  -> (artifact id: 'eb3a69817edd377a70ac39531dcf70f3') in 0.029533 seconds 
========================================================================
Received Import Request.
  Time since last request: 31.564712 seconds.
  path: Assets/Epic Toon FX/Prefabs/Combat/Explosions/LiquidExplosion/LiquidExplosionWater.prefab
  artifactKey: Guid(8b158db9a52d92c41bd357624c42ac6f) Importer(815301076,1909f56bfc062723c751e8b465ee728b)
Start importing Assets/Epic Toon FX/Prefabs/Combat/Explosions/LiquidExplosion/LiquidExplosionWater.prefab using Guid(8b158db9a52d92c41bd357624c42ac6f) Importer(815301076,1909f56bfc062723c751e8b465ee728b)  -> (artifact id: '7d9e04d5e6cb6f270cf611fe82e606aa') in 0.053011 seconds 
========================================================================
Received Import Request.
  Time since last request: 9.645689 seconds.
  path: Assets/TextMesh Pro/Examples & Extras/Resources/Sprite Assets/Default Sprite Asset.asset
  artifactKey: Guid(fbef3c704dce48f08a44612d6c856c8d) Importer(815301076,1909f56bfc062723c751e8b465ee728b)
Start importing Assets/TextMesh Pro/Examples & Extras/Resources/Sprite Assets/Default Sprite Asset.asset using Guid(fbef3c704dce48f08a44612d6c856c8d) Importer(815301076,1909f56bfc062723c751e8b465ee728b)  -> (artifact id: '8bcda9357ad4006b3dd5679e03eb5b0b') in 0.071287 seconds 
========================================================================
Received Import Request.
  Time since last request: 0.000031 seconds.
  path: Assets/Epic Toon FX/Materials/Misc/Explosions/explosion_spritesheet_3x3_AB.mat
  artifactKey: Guid(e7912d15146fcf145afaaedec646b781) Importer(815301076,1909f56bfc062723c751e8b465ee728b)
Start importing Assets/Epic Toon FX/Materials/Misc/Explosions/explosion_spritesheet_3x3_AB.mat using Guid(e7912d15146fcf145afaaedec646b781) Importer(815301076,1909f56bfc062723c751e8b465ee728b)  -> (artifact id: '75f4fd6998149bebba25cdb1ed085e85') in 0.092422 seconds 
========================================================================
Received Import Request.
  Time since last request: 0.000041 seconds.
  path: Assets/Epic Toon FX/Materials/Misc/Explosions/nova_6x3_soft_spritesheet_ADD.mat
  artifactKey: Guid(d6f0edd0436e35f4abae0e34078b880b) Importer(815301076,1909f56bfc062723c751e8b465ee728b)
Start importing Assets/Epic Toon FX/Materials/Misc/Explosions/nova_6x3_soft_spritesheet_ADD.mat using Guid(d6f0edd0436e35f4abae0e34078b880b) Importer(815301076,1909f56bfc062723c751e8b465ee728b)  -> (artifact id: 'a0142d7caa88d18f95f0c434e424edb0') in 0.208079 seconds 
========================================================================
Received Import Request.
  Time since last request: 0.000051 seconds.
  path: Assets/Mirza Beig/Particle Systems/Ultimate VFX/Textures/Particles/Sprites/tex_vfx-ult_particle_sprite_droplet.png
  artifactKey: Guid(8d1041520d813504382a012050bdf45b) Importer(815301076,1909f56bfc062723c751e8b465ee728b)
Start importing Assets/Mirza Beig/Particle Systems/Ultimate VFX/Textures/Particles/Sprites/tex_vfx-ult_particle_sprite_droplet.png using Guid(8d1041520d813504382a012050bdf45b) Importer(815301076,1909f56bfc062723c751e8b465ee728b)  -> (artifact id: 'a5cba07d6bb63214e645d95fdbb75c50') in 0.050676 seconds 
========================================================================
Received Import Request.
  Time since last request: 0.000038 seconds.
  path: Assets/RealisticCarControllerV3/Textures/Particles/sprite-smoke.jpg
  artifactKey: Guid(b5105859fa33d8947834c83c8fd8c98b) Importer(815301076,1909f56bfc062723c751e8b465ee728b)
Start importing Assets/RealisticCarControllerV3/Textures/Particles/sprite-smoke.jpg using Guid(b5105859fa33d8947834c83c8fd8c98b) Importer(815301076,1909f56bfc062723c751e8b465ee728b)  -> (artifact id: '1ff3b2bc2e5dae89074243002bda0cce') in 0.029205 seconds 
========================================================================
Received Import Request.
  Time since last request: 0.000024 seconds.
  path: Assets/Epic Toon FX/Materials/Misc/Explosions/nova_3x3_spritesheet_ADD.mat
  artifactKey: Guid(da7ddd9092467374182355e1178b192e) Importer(815301076,1909f56bfc062723c751e8b465ee728b)
Start importing Assets/Epic Toon FX/Materials/Misc/Explosions/nova_3x3_spritesheet_ADD.mat using Guid(da7ddd9092467374182355e1178b192e) Importer(815301076,1909f56bfc062723c751e8b465ee728b)  -> (artifact id: '1b614d40fb04836e03ed9cf79702c99e') in 0.199707 seconds 
========================================================================
Received Import Request.
  Time since last request: 6.903410 seconds.
  path: Assets/Epic Toon FX/Prefabs/Combat/Missiles/Energy/EnergyMissileBlue.prefab
  artifactKey: Guid(13fb3d7a7b6f33344af2d0742849ab6c) Importer(815301076,1909f56bfc062723c751e8b465ee728b)
Start importing Assets/Epic Toon FX/Prefabs/Combat/Missiles/Energy/EnergyMissileBlue.prefab using Guid(13fb3d7a7b6f33344af2d0742849ab6c) Importer(815301076,1909f56bfc062723c751e8b465ee728b)  -> (artifact id: 'ee82830d01915051769fd4565c865226') in 0.194522 seconds 
========================================================================
Received Import Request.
  Time since last request: 0.000027 seconds.
  path: Assets/Epic Toon FX/Demo/Missile Prefabs/Energy/EnergyMissileGreenOBJ.prefab
  artifactKey: Guid(a3e05d3235f12f042ba9af5bc231dc9a) Importer(815301076,1909f56bfc062723c751e8b465ee728b)
Start importing Assets/Epic Toon FX/Demo/Missile Prefabs/Energy/EnergyMissileGreenOBJ.prefab using Guid(a3e05d3235f12f042ba9af5bc231dc9a) Importer(815301076,1909f56bfc062723c751e8b465ee728b)  -> (artifact id: '8b26cdcd41674601f7671636a55c8beb') in 0.111903 seconds 
========================================================================
Received Import Request.
  Time since last request: 0.000029 seconds.
  path: Assets/Epic Toon FX/Prefabs/Combat/Missiles/Fireball/FireballMissileFire.prefab
  artifactKey: Guid(3b671081e44be1c4aa4355e8ba6e8a5e) Importer(815301076,1909f56bfc062723c751e8b465ee728b)
Start importing Assets/Epic Toon FX/Prefabs/Combat/Missiles/Fireball/FireballMissileFire.prefab using Guid(3b671081e44be1c4aa4355e8ba6e8a5e) Importer(815301076,1909f56bfc062723c751e8b465ee728b)  -> (artifact id: 'd69ff2426a7a1477caedb503e2656cb7') in 0.070258 seconds 
========================================================================
Received Import Request.
  Time since last request: 0.000016 seconds.
  path: Assets/Epic Toon FX/Prefabs/Combat/Missiles/Fireball/FireballMissilePink.prefab
  artifactKey: Guid(672a9f8d9b8441b47a4cc0a5c3d60b7c) Importer(815301076,1909f56bfc062723c751e8b465ee728b)
Start importing Assets/Epic Toon FX/Prefabs/Combat/Missiles/Fireball/FireballMissilePink.prefab using Guid(672a9f8d9b8441b47a4cc0a5c3d60b7c) Importer(815301076,1909f56bfc062723c751e8b465ee728b)  -> (artifact id: '29d0c4d3425d5bc6b4acca96d09ba5bc') in 0.052078 seconds 
========================================================================
Received Import Request.
  Time since last request: 0.000018 seconds.
  path: Assets/Epic Toon FX/Prefabs/Combat/Missiles/FireballSharp/FireballSharpMissileFire.prefab
  artifactKey: Guid(d2e12f11e1f9a8f41a018e2f56fd9589) Importer(815301076,1909f56bfc062723c751e8b465ee728b)
Start importing Assets/Epic Toon FX/Prefabs/Combat/Missiles/FireballSharp/FireballSharpMissileFire.prefab using Guid(d2e12f11e1f9a8f41a018e2f56fd9589) Importer(815301076,1909f56bfc062723c751e8b465ee728b)  -> (artifact id: '7e1d9e7685dec93c8a3b260c19572c12') in 0.173427 seconds 
========================================================================
Received Import Request.
  Time since last request: 0.000019 seconds.
  path: Assets/Epic Toon FX/Prefabs/Combat/Missiles/Flash/FlashMissileBlue.prefab
  artifactKey: Guid(21a40f538610abc44b122ff940ed7ae6) Importer(815301076,1909f56bfc062723c751e8b465ee728b)
Start importing Assets/Epic Toon FX/Prefabs/Combat/Missiles/Flash/FlashMissileBlue.prefab using Guid(21a40f538610abc44b122ff940ed7ae6) Importer(815301076,1909f56bfc062723c751e8b465ee728b)  -> (artifact id: '5b298eaca7040edbe754bd158c0040fa') in 0.083184 seconds 
========================================================================
Received Import Request.
  Time since last request: 0.000032 seconds.
  path: Assets/Epic Toon FX/Prefabs/Combat/Missiles/FireballSoft/FireballSoftMissileBlue.prefab
  artifactKey: Guid(6e82bfe3eb90bbc468d6b3be50ddcb56) Importer(815301076,1909f56bfc062723c751e8b465ee728b)
Start importing Assets/Epic Toon FX/Prefabs/Combat/Missiles/FireballSoft/FireballSoftMissileBlue.prefab using Guid(6e82bfe3eb90bbc468d6b3be50ddcb56) Importer(815301076,1909f56bfc062723c751e8b465ee728b)  -> (artifact id: 'bcc8897caad666e2116fb273f3035063') in 0.035283 seconds 
========================================================================
Received Import Request.
  Time since last request: 0.000023 seconds.
  path: Assets/Epic Toon FX/Demo/Missile Prefabs/Flash/FlashMissileBlueOBJ.prefab
  artifactKey: Guid(a0868bd6d4989b44aad7d257b11cae99) Importer(815301076,1909f56bfc062723c751e8b465ee728b)
Start importing Assets/Epic Toon FX/Demo/Missile Prefabs/Flash/FlashMissileBlueOBJ.prefab using Guid(a0868bd6d4989b44aad7d257b11cae99) Importer(815301076,1909f56bfc062723c751e8b465ee728b)  -> (artifact id: 'b331db494b646224b6bba8205caf289e') in 0.081733 seconds 
========================================================================
Received Import Request.
  Time since last request: 0.000030 seconds.
  path: Assets/Epic Toon FX/Demo/Missile Prefabs/Flash/FlashMissileYellowOBJ.prefab
  artifactKey: Guid(9c4491da7310f7d40acfd9224e1468ac) Importer(815301076,1909f56bfc062723c751e8b465ee728b)
Start importing Assets/Epic Toon FX/Demo/Missile Prefabs/Flash/FlashMissileYellowOBJ.prefab using Guid(9c4491da7310f7d40acfd9224e1468ac) Importer(815301076,1909f56bfc062723c751e8b465ee728b)  -> (artifact id: 'd40e7d1052434395e32a78569851c40b') in 0.063150 seconds 
========================================================================
Received Import Request.
  Time since last request: 0.000029 seconds.
  path: Assets/Epic Toon FX/Demo/Missile Prefabs/Flash/FlashMissilePinkOBJ.prefab
  artifactKey: Guid(11755880f7b9b674dbe80f37a11473bc) Importer(815301076,1909f56bfc062723c751e8b465ee728b)
Start importing Assets/Epic Toon FX/Demo/Missile Prefabs/Flash/FlashMissilePinkOBJ.prefab using Guid(11755880f7b9b674dbe80f37a11473bc) Importer(815301076,1909f56bfc062723c751e8b465ee728b)  -> (artifact id: '65cbeb4123f20940228ed8a65b6bfc21') in 0.054506 seconds 
========================================================================
Received Import Request.
  Time since last request: 0.000038 seconds.
  path: Assets/Epic Toon FX/Prefabs/Combat/Missiles/FireballSharp/FireballSharpMissilePink.prefab
  artifactKey: Guid(bcd7f1f45336e164389fb03909715d12) Importer(815301076,1909f56bfc062723c751e8b465ee728b)
Start importing Assets/Epic Toon FX/Prefabs/Combat/Missiles/FireballSharp/FireballSharpMissilePink.prefab using Guid(bcd7f1f45336e164389fb03909715d12) Importer(815301076,1909f56bfc062723c751e8b465ee728b)  -> (artifact id: 'ac425d08f50033d660126234fbfe23a5') in 0.101683 seconds 
========================================================================
Received Import Request.
  Time since last request: 0.000028 seconds.
  path: Assets/Epic Toon FX/Prefabs/Combat/Missiles/Fireball/FireballMissileBlue.prefab
  artifactKey: Guid(deec2987c8cae8c4a97dea31b6ddb2c5) Importer(815301076,1909f56bfc062723c751e8b465ee728b)
Start importing Assets/Epic Toon FX/Prefabs/Combat/Missiles/Fireball/FireballMissileBlue.prefab using Guid(deec2987c8cae8c4a97dea31b6ddb2c5) Importer(815301076,1909f56bfc062723c751e8b465ee728b)  -> (artifact id: '00c3e34644612470ecbdf00862a13383') in 0.061216 seconds 
========================================================================
Received Import Request.
  Time since last request: 0.000028 seconds.
  path: Assets/Epic Toon FX/Prefabs/Combat/Missiles/Energy/EnergyMissileYellow.prefab
  artifactKey: Guid(1bf272e06257c804882ffc39672228a4) Importer(815301076,1909f56bfc062723c751e8b465ee728b)
Start importing Assets/Epic Toon FX/Prefabs/Combat/Missiles/Energy/EnergyMissileYellow.prefab using Guid(1bf272e06257c804882ffc39672228a4) Importer(815301076,1909f56bfc062723c751e8b465ee728b)  -> (artifact id: '731d4908ea2e96f51e139092cc6c7397') in 0.042332 seconds 
========================================================================
Received Import Request.
  Time since last request: 0.000026 seconds.
  path: Assets/Epic Toon FX/Demo/Missile Prefabs/Frost/FrostMissileOBJ.prefab
  artifactKey: Guid(7ed2682c7faf8ff4c865b1c7aab3a3ec) Importer(815301076,1909f56bfc062723c751e8b465ee728b)
Start importing Assets/Epic Toon FX/Demo/Missile Prefabs/Frost/FrostMissileOBJ.prefab using Guid(7ed2682c7faf8ff4c865b1c7aab3a3ec) Importer(815301076,1909f56bfc062723c751e8b465ee728b)  -> (artifact id: '6ef37952bd77191aba88da3b4199d3aa') in 0.051693 seconds 
========================================================================
Received Import Request.
  Time since last request: 0.000028 seconds.
  path: Assets/Epic Toon FX/Prefabs/Combat/Missiles/Frost/FrostMissile.prefab
  artifactKey: Guid(7e9a3591984cda1499dc675622a57b0b) Importer(815301076,1909f56bfc062723c751e8b465ee728b)
Start importing Assets/Epic Toon FX/Prefabs/Combat/Missiles/Frost/FrostMissile.prefab using Guid(7e9a3591984cda1499dc675622a57b0b) Importer(815301076,1909f56bfc062723c751e8b465ee728b)  -> (artifact id: '70c05aba7b7fffa7eeea2cebbce7ad22') in 0.106470 seconds 
========================================================================
Received Import Request.
  Time since last request: 2.041490 seconds.
  path: Assets/Epic Toon FX/Prefabs/Combat/Muzzleflash/- Misc
  artifactKey: Guid(daad94338f9a6cf47ba734a95e5d4366) Importer(815301076,1909f56bfc062723c751e8b465ee728b)
Start importing Assets/Epic Toon FX/Prefabs/Combat/Muzzleflash/- Misc using Guid(daad94338f9a6cf47ba734a95e5d4366) Importer(815301076,1909f56bfc062723c751e8b465ee728b)  -> (artifact id: '25522ccdf325371284ac1385d0db4cde') in 0.008645 seconds 
========================================================================
Received Import Request.
  Time since last request: 0.188271 seconds.
  path: Assets/Epic Toon FX/Prefabs/Combat/Missiles/NovaMissile
  artifactKey: Guid(b370ab64969bcdd4ea8d94a12e4dd989) Importer(815301076,1909f56bfc062723c751e8b465ee728b)
Start importing Assets/Epic Toon FX/Prefabs/Combat/Missiles/NovaMissile using Guid(b370ab64969bcdd4ea8d94a12e4dd989) Importer(815301076,1909f56bfc062723c751e8b465ee728b)  -> (artifact id: '0ad77a520062ae6cac89a7a5a7ff3cd4') in 0.010168 seconds 
========================================================================
Received Import Request.
  Time since last request: 0.954711 seconds.
  path: Assets/Epic Toon FX/Prefabs/Combat/Missiles/NovaMissileSoft
  artifactKey: Guid(7389a600a1a69db40a8766db3763bb23) Importer(815301076,1909f56bfc062723c751e8b465ee728b)
Start importing Assets/Epic Toon FX/Prefabs/Combat/Missiles/NovaMissileSoft using Guid(7389a600a1a69db40a8766db3763bb23) Importer(815301076,1909f56bfc062723c751e8b465ee728b)  -> (artifact id: '82b72410f0fef273379346d8d9846a7a') in 0.008693 seconds 
========================================================================
Received Import Request.
  Time since last request: 0.543062 seconds.
  path: Assets/Epic Toon FX/Materials/Misc/Bubbles/bubble_soap_ADD.mat
  artifactKey: Guid(3be8ddfefd82d4c46aacf35c0e709d9d) Importer(815301076,1909f56bfc062723c751e8b465ee728b)
Start importing Assets/Epic Toon FX/Materials/Misc/Bubbles/bubble_soap_ADD.mat using Guid(3be8ddfefd82d4c46aacf35c0e709d9d) Importer(815301076,1909f56bfc062723c751e8b465ee728b)  -> (artifact id: 'c57f917f1ceca0eba3cc9deb11c2bfa3') in 0.048806 seconds 
========================================================================
Received Import Request.
  Time since last request: 5.748811 seconds.
  path: Assets/Epic Toon FX/Materials/Misc/Fire/fireball_AB.mat
  artifactKey: Guid(428f77f4250e66a41a1313a6b3fc69e6) Importer(815301076,1909f56bfc062723c751e8b465ee728b)
Start importing Assets/Epic Toon FX/Materials/Misc/Fire/fireball_AB.mat using Guid(428f77f4250e66a41a1313a6b3fc69e6) Importer(815301076,1909f56bfc062723c751e8b465ee728b)  -> (artifact id: '95125d8852da5980c8e002397094019a') in 0.021726 seconds 
========================================================================
Received Import Request.
  Time since last request: 0.102337 seconds.
  path: Assets/Epic Toon FX/Materials/Misc/Fire/fire_3x6_ADD.mat
  artifactKey: Guid(bb2dd1abd6ac09b45a5db1e4ca1233de) Importer(815301076,1909f56bfc062723c751e8b465ee728b)
Start importing Assets/Epic Toon FX/Materials/Misc/Fire/fire_3x6_ADD.mat using Guid(bb2dd1abd6ac09b45a5db1e4ca1233de) Importer(815301076,1909f56bfc062723c751e8b465ee728b)  -> (artifact id: '6804c6372d7727d6b9c9065b833f6be4') in 0.099418 seconds 
========================================================================
Received Import Request.
  Time since last request: 21.164425 seconds.
  path: Assets/Epic Toon FX/Prefabs/Environment/Dust
  artifactKey: Guid(ca08cb3f72b7cea4081f7631d694f128) Importer(815301076,1909f56bfc062723c751e8b465ee728b)
Start importing Assets/Epic Toon FX/Prefabs/Environment/Dust using Guid(ca08cb3f72b7cea4081f7631d694f128) Importer(815301076,1909f56bfc062723c751e8b465ee728b)  -> (artifact id: '11c2df2ba1ac3d3a3cf63b65d6fc1a92') in 0.044085 seconds 
========================================================================
Received Import Request.
  Time since last request: 14.294509 seconds.
  path: Assets/Epic Toon FX/Prefabs/Environment/Water
  artifactKey: Guid(d6555e10dd88f9a4d98997123d0154e7) Importer(815301076,1909f56bfc062723c751e8b465ee728b)
Start importing Assets/Epic Toon FX/Prefabs/Environment/Water using Guid(d6555e10dd88f9a4d98997123d0154e7) Importer(815301076,1909f56bfc062723c751e8b465ee728b)  -> (artifact id: '88a79d4e25b45e0ec4cdb66a516c255f') in 0.001977 seconds 
========================================================================
Received Import Request.
  Time since last request: 1.671264 seconds.
  path: Assets/Epic Toon FX/Prefabs/Environment/Water/Boiling
  artifactKey: Guid(8948866e970ab7f449f080b02bee7975) Importer(815301076,1909f56bfc062723c751e8b465ee728b)
Start importing Assets/Epic Toon FX/Prefabs/Environment/Water/Boiling using Guid(8948866e970ab7f449f080b02bee7975) Importer(815301076,1909f56bfc062723c751e8b465ee728b)  -> (artifact id: '541a2288d8fb1508dacf39aeffeb60e7') in 0.009620 seconds 
========================================================================
Received Import Request.
  Time since last request: 0.760950 seconds.
  path: Assets/Epic Toon FX/Prefabs/Environment/Water/Bubbles
  artifactKey: Guid(402bdefa41d1ad3489d937f38c26b664) Importer(815301076,1909f56bfc062723c751e8b465ee728b)
Start importing Assets/Epic Toon FX/Prefabs/Environment/Water/Bubbles using Guid(402bdefa41d1ad3489d937f38c26b664) Importer(815301076,1909f56bfc062723c751e8b465ee728b)  -> (artifact id: '18ec34e96ef78ef8cf16748056edc677') in 0.008315 seconds 
========================================================================
Received Import Request.
  Time since last request: 0.642224 seconds.
  path: Assets/Epic Toon FX/Prefabs/Environment/Water/Flowing
  artifactKey: Guid(bb006b4c5af453c449237e72112c9c3d) Importer(815301076,1909f56bfc062723c751e8b465ee728b)
Start importing Assets/Epic Toon FX/Prefabs/Environment/Water/Flowing using Guid(bb006b4c5af453c449237e72112c9c3d) Importer(815301076,1909f56bfc062723c751e8b465ee728b)  -> (artifact id: '017d0ecdc37be6eefa3de0d44b14ea9d') in 0.008680 seconds 
========================================================================
Received Import Request.
  Time since last request: 2.234190 seconds.
  path: Assets/Epic Toon FX/Prefabs/Environment/Water/Flowing/Soft
  artifactKey: Guid(f75bd6a66050dfa4ea41c4c898ee7ee2) Importer(815301076,1909f56bfc062723c751e8b465ee728b)
Start importing Assets/Epic Toon FX/Prefabs/Environment/Water/Flowing/Soft using Guid(f75bd6a66050dfa4ea41c4c898ee7ee2) Importer(815301076,1909f56bfc062723c751e8b465ee728b)  -> (artifact id: 'f445631b6f91ab29bf7c46fcc97abdd8') in 0.008190 seconds 
========================================================================
Received Import Request.
  Time since last request: 0.103470 seconds.
  path: Assets/Epic Toon FX/Prefabs/Environment/Water/Flowing/Soft/WaterfallBigSoft.prefab
  artifactKey: Guid(b4d3a97bed138894e8d3f1b23aaae66d) Importer(815301076,1909f56bfc062723c751e8b465ee728b)
Start importing Assets/Epic Toon FX/Prefabs/Environment/Water/Flowing/Soft/WaterfallBigSoft.prefab using Guid(b4d3a97bed138894e8d3f1b23aaae66d) Importer(815301076,1909f56bfc062723c751e8b465ee728b)  -> (artifact id: '8e7f7d5b9138c5ab2a8b3805f3dd859c') in 0.063986 seconds 
========================================================================
Received Import Request.
  Time since last request: 0.000021 seconds.
  path: Assets/Epic Toon FX/Prefabs/Environment/Water/Flowing/Soft/WaterGeysirSoft.prefab
  artifactKey: Guid(529f03ad21f893a41af74febfcc4bc1b) Importer(815301076,1909f56bfc062723c751e8b465ee728b)
Start importing Assets/Epic Toon FX/Prefabs/Environment/Water/Flowing/Soft/WaterGeysirSoft.prefab using Guid(529f03ad21f893a41af74febfcc4bc1b) Importer(815301076,1909f56bfc062723c751e8b465ee728b)  -> (artifact id: '490a3338889efdf159f91943fbd8d944') in 0.045889 seconds 
========================================================================
Received Import Request.
  Time since last request: 0.000016 seconds.
  path: Assets/Epic Toon FX/Prefabs/Environment/Water/Flowing/Soft/WaterSplashTinySoft.prefab
  artifactKey: Guid(a312715abb227c246acf4ae4abbc1501) Importer(815301076,1909f56bfc062723c751e8b465ee728b)
Start importing Assets/Epic Toon FX/Prefabs/Environment/Water/Flowing/Soft/WaterSplashTinySoft.prefab using Guid(a312715abb227c246acf4ae4abbc1501) Importer(815301076,1909f56bfc062723c751e8b465ee728b)  -> (artifact id: '32c0e1b1b8420b0c8a983db785187a88') in 0.054720 seconds 
========================================================================
Received Prepare
Registering precompiled user dll's ...
Registered in 0.008509 seconds.
Begin MonoManager ReloadAssembly
Native extension for WindowsStandalone target not found
Native extension for Android target not found
Refreshing native plugins compatible for Editor in 2.41 ms, found 4 plugins.
Preloading 0 native plugins for Editor in 0.00 ms.
Unable to write to 'ProjectSettings\GvhProjectSettings.xml' (System.IO.IOException: Sharing violation on path E:\UnityProjects\GarbageTruck_AK_Global\ProjectSettings\GvhProjectSettings.xml
  at System.IO.FileStream..ctor (System.String path, System.IO.FileMode mode, System.IO.FileAccess access, System.IO.FileShare share, System.Int32 bufferSize, System.Boolean anonymous, System.IO.FileOptions options) [0x0019e] in <6073cf49ed704e958b8a66d540dea948>:0 
  at System.IO.FileStream..ctor (System.String path, System.IO.FileMode mode, System.IO.FileAccess access, System.IO.FileShare share, System.Int32 bufferSize, System.IO.FileOptions options) [0x00000] in <6073cf49ed704e958b8a66d540dea948>:0 
  at System.IO.FileStream..ctor (System.String path, System.IO.FileMode mode, System.IO.FileAccess access, System.IO.FileShare share, System.Int32 bufferSize, System.Boolean useAsync) [0x00000] in <6073cf49ed704e958b8a66d540dea948>:0 
  at (wrapper remoting-invoke-with-check) System.IO.FileStream..ctor(string,System.IO.FileMode,System.IO.FileAccess,System.IO.FileShare,int,bool)
  at System.Xml.XmlWriterSettings.CreateWriter (System.String outputFileName) [0x00051] in <938a03e8c5f34c788591fc3c21d5b34b>:0 
  at System.Xml.XmlWriter.Create (System.String outputFileName, System.Xml.XmlWriterSettings settings) [0x0000a] in <938a03e8c5f34c788591fc3c21d5b34b>:0 
  at Google.ProjectSettings.Save () [0x0006d] in /Users/chkuang/Workspace/git/unity-jar-resolver/source/VersionHandlerImpl/src/ProjectSettings.cs:821 , Project settings were not saved!
UnityEngine.StackTraceUtility:ExtractStackTrace ()
UnityEngine.DebugLogHandler:LogFormat (UnityEngine.LogType,UnityEngine.Object,string,object[])
UnityEngine.Logger:Log (UnityEngine.LogType,object)
UnityEngine.Debug:LogError (object)
Google.Logger:Log (string,Google.LogLevel) (at /Users/chkuang/Workspace/git/unity-jar-resolver/source/VersionHandlerImpl/src/Logger.cs:136)
Google.ProjectSettings:Save () (at /Users/chkuang/Workspace/git/unity-jar-resolver/source/VersionHandlerImpl/src/ProjectSettings.cs:844)
Google.ProjectSettings:SetBool (string,bool,Google.SettingsLocation) (at /Users/chkuang/Workspace/git/unity-jar-resolver/source/VersionHandlerImpl/src/ProjectSettings.cs:485)
Google.ProjectSettings:SetBool (string,bool) (at /Users/chkuang/Workspace/git/unity-jar-resolver/source/VersionHandlerImpl/src/ProjectSettings.cs:497)
Google.IOSResolver:set_VerboseLoggingEnabled (bool) (at /Users/chkuang/Workspace/git/unity-jar-resolver/source/IOSResolver/src/IOSResolver.cs:1041)
Google.IOSResolver:.cctor () (at /Users/chkuang/Workspace/git/unity-jar-resolver/source/IOSResolver/src/IOSResolver.cs:727)
System.Runtime.CompilerServices.RuntimeHelpers:RunClassConstructor (System.RuntimeTypeHandle)
UnityEditor.EditorAssemblies:ProcessInitializeOnLoadAttributes (System.Type[])

(Filename: /Users/chkuang/Workspace/git/unity-jar-resolver/source/VersionHandlerImpl/src/ProjectSettings.cs Line: 844)

Mono: successfully reloaded assembly
- Completed reload, in  1.070 seconds
Domain Reload Profiling:
	ReloadAssembly (1071ms)
		BeginReloadAssembly (152ms)
			ExecutionOrderSort (0ms)
			DisableScriptedObjects (10ms)
			BackupInstance (0ms)
			ReleaseScriptingObjects (0ms)
			CreateAndSetChildDomain (34ms)
		EndReloadAssembly (807ms)
			LoadAssemblies (91ms)
			RebuildTransferFunctionScriptingTraits (0ms)
			SetupTypeCache (185ms)
			ReleaseScriptCaches (1ms)
			RebuildScriptCaches (48ms)
			SetupLoadedEditorAssemblies (441ms)
				LogAssemblyErrors (0ms)
				InitializePlatformSupportModulesInManaged (27ms)
				SetLoadedEditorAssemblies (1ms)
				RefreshPlugins (3ms)
				BeforeProcessingInitializeOnLoad (57ms)
				ProcessInitializeOnLoadAttributes (318ms)
				ProcessInitializeOnLoadMethodAttributes (29ms)
				AfterProcessingInitializeOnLoad (8ms)
				EditorAssembliesLoaded (0ms)
			ExecutionOrderSort2 (0ms)
			AwakeInstancesAfterBackupRestoration (11ms)
Platform modules already initialized, skipping
OnLevelWasLoaded was found on ShowcaseGUI
This message has been deprecated and will be removed in a later version of Unity.
Add a delegate to SceneManager.sceneLoaded instead to get notifications after scene loading has completed
Refreshing native plugins compatible for Editor in 16.27 ms, found 4 plugins.
Preloading 0 native plugins for Editor in 0.00 ms.
Unloading 2412 Unused Serialized files (Serialized files now loaded: 0)
Unloading 84 unused Assets / (75.7 KB). Loaded Objects now: 3208.
Memory consumption went from 128.2 MB to 128.1 MB.
Total: 3.266000 ms (FindLiveObjects: 0.267400 ms CreateObjectMapping: 0.214300 ms MarkObjects: 2.685100 ms  DeleteObjects: 0.098100 ms)

AssetImportParameters requested are different than current active one (requested -> active):
  custom:video-decoder-ogg-theora: a1e56fd34408186e4bbccfd4996cb3dc -> 
  custom:container-muxer-webm: aa71ff27fc2769a1b78a27578f13a17b -> 
  custom:container-demuxer-webm: 4f35f7cbe854078d1ac9338744f61a02 -> 
  custom:video-encoder-webm-vp8: eb34c28f22e8b96e1ab97ce403110664 -> 
  custom:audio-encoder-webm-vorbis: bf7c407c2cedff20999df2af8eb42d56 -> 
  custom:framework-win-MediaFoundation: 216162199b28c13a410421893ffa2e32 -> 
  custom:container-demuxer-ogg: 62fdf1f143b41e24485cea50d1cbac27 -> 
  custom:video-decoder-webm-vp8: 9c59270c3fd7afecdb556c50c9e8de78 -> 
  custom:audio-decoder-ogg-vorbis: bf7c407c2cedff20999df2af8eb42d56 -> 
========================================================================
Received Prepare
Registering precompiled user dll's ...
Registered in 0.009530 seconds.
Begin MonoManager ReloadAssembly
Native extension for WindowsStandalone target not found
Native extension for Android target not found
Refreshing native plugins compatible for Editor in 1.47 ms, found 4 plugins.
Preloading 0 native plugins for Editor in 0.00 ms.
Unable to write to 'ProjectSettings\GvhProjectSettings.xml' (System.IO.IOException: Sharing violation on path E:\UnityProjects\GarbageTruck_AK_Global\ProjectSettings\GvhProjectSettings.xml
  at System.IO.FileStream..ctor (System.String path, System.IO.FileMode mode, System.IO.FileAccess access, System.IO.FileShare share, System.Int32 bufferSize, System.Boolean anonymous, System.IO.FileOptions options) [0x0019e] in <6073cf49ed704e958b8a66d540dea948>:0 
  at System.IO.FileStream..ctor (System.String path, System.IO.FileMode mode, System.IO.FileAccess access, System.IO.FileShare share, System.Int32 bufferSize, System.IO.FileOptions options) [0x00000] in <6073cf49ed704e958b8a66d540dea948>:0 
  at System.IO.FileStream..ctor (System.String path, System.IO.FileMode mode, System.IO.FileAccess access, System.IO.FileShare share, System.Int32 bufferSize, System.Boolean useAsync) [0x00000] in <6073cf49ed704e958b8a66d540dea948>:0 
  at (wrapper remoting-invoke-with-check) System.IO.FileStream..ctor(string,System.IO.FileMode,System.IO.FileAccess,System.IO.FileShare,int,bool)
  at System.Xml.XmlWriterSettings.CreateWriter (System.String outputFileName) [0x00051] in <938a03e8c5f34c788591fc3c21d5b34b>:0 
  at System.Xml.XmlWriter.Create (System.String outputFileName, System.Xml.XmlWriterSettings settings) [0x0000a] in <938a03e8c5f34c788591fc3c21d5b34b>:0 
  at Google.ProjectSettings.Save () [0x0006d] in /Users/chkuang/Workspace/git/unity-jar-resolver/source/VersionHandlerImpl/src/ProjectSettings.cs:821 , Project settings were not saved!
UnityEngine.StackTraceUtility:ExtractStackTrace ()
UnityEngine.DebugLogHandler:LogFormat (UnityEngine.LogType,UnityEngine.Object,string,object[])
UnityEngine.Logger:Log (UnityEngine.LogType,object)
UnityEngine.Debug:LogError (object)
Google.Logger:Log (string,Google.LogLevel) (at /Users/chkuang/Workspace/git/unity-jar-resolver/source/VersionHandlerImpl/src/Logger.cs:136)
Google.ProjectSettings:Save () (at /Users/chkuang/Workspace/git/unity-jar-resolver/source/VersionHandlerImpl/src/ProjectSettings.cs:844)
Google.ProjectSettings:SetBool (string,bool,Google.SettingsLocation) (at /Users/chkuang/Workspace/git/unity-jar-resolver/source/VersionHandlerImpl/src/ProjectSettings.cs:485)
Google.ProjectSettings:SetBool (string,bool) (at /Users/chkuang/Workspace/git/unity-jar-resolver/source/VersionHandlerImpl/src/ProjectSettings.cs:497)
Google.IOSResolver:set_VerboseLoggingEnabled (bool) (at /Users/chkuang/Workspace/git/unity-jar-resolver/source/IOSResolver/src/IOSResolver.cs:1041)
Google.IOSResolver:.cctor () (at /Users/chkuang/Workspace/git/unity-jar-resolver/source/IOSResolver/src/IOSResolver.cs:727)
System.Runtime.CompilerServices.RuntimeHelpers:RunClassConstructor (System.RuntimeTypeHandle)
UnityEditor.EditorAssemblies:ProcessInitializeOnLoadAttributes (System.Type[])

(Filename: /Users/chkuang/Workspace/git/unity-jar-resolver/source/VersionHandlerImpl/src/ProjectSettings.cs Line: 844)

Mono: successfully reloaded assembly
- Completed reload, in  1.107 seconds
Domain Reload Profiling:
	ReloadAssembly (1108ms)
		BeginReloadAssembly (141ms)
			ExecutionOrderSort (0ms)
			DisableScriptedObjects (7ms)
			BackupInstance (0ms)
			ReleaseScriptingObjects (0ms)
			CreateAndSetChildDomain (34ms)
		EndReloadAssembly (828ms)
			LoadAssemblies (90ms)
			RebuildTransferFunctionScriptingTraits (0ms)
			SetupTypeCache (196ms)
			ReleaseScriptCaches (1ms)
			RebuildScriptCaches (46ms)
			SetupLoadedEditorAssemblies (455ms)
				LogAssemblyErrors (0ms)
				InitializePlatformSupportModulesInManaged (24ms)
				SetLoadedEditorAssemblies (1ms)
				RefreshPlugins (2ms)
				BeforeProcessingInitializeOnLoad (54ms)
				ProcessInitializeOnLoadAttributes (338ms)
				ProcessInitializeOnLoadMethodAttributes (29ms)
				AfterProcessingInitializeOnLoad (8ms)
				EditorAssembliesLoaded (0ms)
			ExecutionOrderSort2 (0ms)
			AwakeInstancesAfterBackupRestoration (8ms)
Platform modules already initialized, skipping
OnLevelWasLoaded was found on ShowcaseGUI
This message has been deprecated and will be removed in a later version of Unity.
Add a delegate to SceneManager.sceneLoaded instead to get notifications after scene loading has completed
Refreshing native plugins compatible for Editor in 10.30 ms, found 4 plugins.
Preloading 0 native plugins for Editor in 0.00 ms.
Unloading 2412 Unused Serialized files (Serialized files now loaded: 0)
Unloading 84 unused Assets / (75.7 KB). Loaded Objects now: 3211.
Memory consumption went from 128.2 MB to 128.1 MB.
Total: 5.844400 ms (FindLiveObjects: 0.515000 ms CreateObjectMapping: 0.413800 ms MarkObjects: 4.765400 ms  DeleteObjects: 0.148200 ms)

AssetImportParameters requested are different than current active one (requested -> active):
  custom:video-decoder-ogg-theora: a1e56fd34408186e4bbccfd4996cb3dc -> 
  custom:container-muxer-webm: aa71ff27fc2769a1b78a27578f13a17b -> 
  custom:container-demuxer-webm: 4f35f7cbe854078d1ac9338744f61a02 -> 
  custom:video-encoder-webm-vp8: eb34c28f22e8b96e1ab97ce403110664 -> 
  custom:audio-encoder-webm-vorbis: bf7c407c2cedff20999df2af8eb42d56 -> 
  custom:framework-win-MediaFoundation: 216162199b28c13a410421893ffa2e32 -> 
  custom:container-demuxer-ogg: 62fdf1f143b41e24485cea50d1cbac27 -> 
  custom:video-decoder-webm-vp8: 9c59270c3fd7afecdb556c50c9e8de78 -> 
  custom:audio-decoder-ogg-vorbis: bf7c407c2cedff20999df2af8eb42d56 -> 
