Using pre-set license
Built from '2021.3/staging' branch; Version is '2021.3.1f1 (3b70a0754835) revision 3895456'; Using compiler version '192829333'; Build Type 'Release'
OS: 'Windows 10  (10.0.19045) 64bit Professional' Language: 'en' Physical Memory: 16255 MB
BatchMode: 1, IsHumanControllingUs: 0, StartBugReporterOnCrash: 0, Is64bit: 1, IsPro: 1

COMMAND LINE ARGUMENTS:
C:\Program Files\Unity\Hub\Editor\2021.3.1f1\Editor\Unity.exe
-adb2
-batchMode
-noUpm
-name
AssetImportWorker1
-projectPath
E:/UnityProjects/GarbageTruck_AK_Global
-logFile
Logs/AssetImportWorker1.log
-srvPort
49757
Successfully changed project path to: E:/UnityProjects/GarbageTruck_AK_Global
E:/UnityProjects/GarbageTruck_AK_Global
[UnityMemory] Configuration Parameters - Can be set up in boot.config
    "memorysetup-bucket-allocator-granularity=16"
    "memorysetup-bucket-allocator-bucket-count=8"
    "memorysetup-bucket-allocator-block-size=33554432"
    "memorysetup-bucket-allocator-block-count=8"
    "memorysetup-main-allocator-block-size=16777216"
    "memorysetup-thread-allocator-block-size=16777216"
    "memorysetup-gfx-main-allocator-block-size=16777216"
    "memorysetup-gfx-thread-allocator-block-size=16777216"
    "memorysetup-cache-allocator-block-size=4194304"
    "memorysetup-typetree-allocator-block-size=2097152"
    "memorysetup-profiler-bucket-allocator-granularity=16"
    "memorysetup-profiler-bucket-allocator-bucket-count=8"
    "memorysetup-profiler-bucket-allocator-block-size=33554432"
    "memorysetup-profiler-bucket-allocator-block-count=8"
    "memorysetup-profiler-allocator-block-size=16777216"
    "memorysetup-profiler-editor-allocator-block-size=1048576"
    "memorysetup-temp-allocator-size-main=16777216"
    "memorysetup-job-temp-allocator-block-size=2097152"
    "memorysetup-job-temp-allocator-block-size-background=1048576"
    "memorysetup-job-temp-allocator-reduction-small-platforms=262144"
    "memorysetup-temp-allocator-size-background-worker=32768"
    "memorysetup-temp-allocator-size-job-worker=262144"
    "memorysetup-temp-allocator-size-preload-manager=33554432"
    "memorysetup-temp-allocator-size-nav-mesh-worker=65536"
    "memorysetup-temp-allocator-size-audio-worker=65536"
    "memorysetup-temp-allocator-size-cloud-worker=32768"
    "memorysetup-temp-allocator-size-gi-baking-worker=262144"
    "memorysetup-temp-allocator-size-gfx=262144"
Refreshing native plugins compatible for Editor in 125.81 ms, found 4 plugins.
Preloading 0 native plugins for Editor in 0.00 ms.
Initialize engine version: 2021.3.1f1 (3b70a0754835)
[Subsystems] Discovering subsystems at path C:/Program Files/Unity/Hub/Editor/2021.3.1f1/Editor/Data/Resources/UnitySubsystems
[Subsystems] Discovering subsystems at path E:/UnityProjects/GarbageTruck_AK_Global/Assets
GfxDevice: creating device client; threaded=0; jobified=0
Direct3D:
    Version:  Direct3D 11.0 [level 11.1]
    Renderer: Intel(R) HD Graphics P4600/P4700 (ID=0x41a)
    Vendor:   Intel
    VRAM:     2048 MB
    Driver:   20.19.15.4624
Initialize mono
Mono path[0] = 'C:/Program Files/Unity/Hub/Editor/2021.3.1f1/Editor/Data/Managed'
Mono path[1] = 'C:/Program Files/Unity/Hub/Editor/2021.3.1f1/Editor/Data/MonoBleedingEdge/lib/mono/unityjit-win32'
Mono config path = 'C:/Program Files/Unity/Hub/Editor/2021.3.1f1/Editor/Data/MonoBleedingEdge/etc'
Using monoOptions --debugger-agent=transport=dt_socket,embedding=1,server=y,suspend=n,address=127.0.0.1:56688
Begin MonoManager ReloadAssembly
Registering precompiled unity dll's ...
Register platform support module: C:/Program Files/Unity/Hub/Editor/2021.3.1f1/Editor/Data/PlaybackEngines/AndroidPlayer/UnityEditor.Android.Extensions.dll
Register platform support module: C:/Program Files/Unity/Hub/Editor/2021.3.1f1/Editor/Data/PlaybackEngines/WindowsStandaloneSupport/UnityEditor.WindowsStandalone.Extensions.dll
Registered in 0.012164 seconds.
Native extension for WindowsStandalone target not found
Native extension for Android target not found
Refreshing native plugins compatible for Editor in 99.51 ms, found 4 plugins.
Preloading 0 native plugins for Editor in 0.00 ms.
Mono: successfully reloaded assembly
- Completed reload, in  0.949 seconds
Domain Reload Profiling:
	ReloadAssembly (950ms)
		BeginReloadAssembly (120ms)
			ExecutionOrderSort (0ms)
			DisableScriptedObjects (0ms)
			BackupInstance (0ms)
			ReleaseScriptingObjects (0ms)
			CreateAndSetChildDomain (1ms)
		EndReloadAssembly (674ms)
			LoadAssemblies (117ms)
			RebuildTransferFunctionScriptingTraits (0ms)
			SetupTypeCache (171ms)
			ReleaseScriptCaches (0ms)
			RebuildScriptCaches (39ms)
			SetupLoadedEditorAssemblies (388ms)
				LogAssemblyErrors (0ms)
				InitializePlatformSupportModulesInManaged (85ms)
				SetLoadedEditorAssemblies (1ms)
				RefreshPlugins (100ms)
				BeforeProcessingInitializeOnLoad (2ms)
				ProcessInitializeOnLoadAttributes (131ms)
				ProcessInitializeOnLoadMethodAttributes (70ms)
				AfterProcessingInitializeOnLoad (0ms)
				EditorAssembliesLoaded (0ms)
			ExecutionOrderSort2 (0ms)
			AwakeInstancesAfterBackupRestoration (0ms)
Platform modules already initialized, skipping
Registering precompiled user dll's ...
Registered in 0.012603 seconds.
Begin MonoManager ReloadAssembly
OnLevelWasLoaded was found on ShowcaseGUI
This message has been deprecated and will be removed in a later version of Unity.
Add a delegate to SceneManager.sceneLoaded instead to get notifications after scene loading has completed
Native extension for WindowsStandalone target not found
Native extension for Android target not found
Refreshing native plugins compatible for Editor in 1.91 ms, found 4 plugins.
Preloading 0 native plugins for Editor in 0.00 ms.
Mono: successfully reloaded assembly
- Completed reload, in  1.560 seconds
Domain Reload Profiling:
	ReloadAssembly (1561ms)
		BeginReloadAssembly (281ms)
			ExecutionOrderSort (0ms)
			DisableScriptedObjects (7ms)
			BackupInstance (0ms)
			ReleaseScriptingObjects (0ms)
			CreateAndSetChildDomain (148ms)
		EndReloadAssembly (1105ms)
			LoadAssemblies (106ms)
			RebuildTransferFunctionScriptingTraits (0ms)
			SetupTypeCache (244ms)
			ReleaseScriptCaches (1ms)
			RebuildScriptCaches (106ms)
			SetupLoadedEditorAssemblies (589ms)
				LogAssemblyErrors (0ms)
				InitializePlatformSupportModulesInManaged (22ms)
				SetLoadedEditorAssemblies (2ms)
				RefreshPlugins (2ms)
				BeforeProcessingInitializeOnLoad (77ms)
				ProcessInitializeOnLoadAttributes (436ms)
				ProcessInitializeOnLoadMethodAttributes (42ms)
				AfterProcessingInitializeOnLoad (9ms)
				EditorAssembliesLoaded (0ms)
			ExecutionOrderSort2 (0ms)
			AwakeInstancesAfterBackupRestoration (8ms)
Platform modules already initialized, skipping
========================================================================
Worker process is ready to serve import requests
Launched and connected shader compiler UnityShaderCompiler.exe after 0.12 seconds
Refreshing native plugins compatible for Editor in 1.92 ms, found 4 plugins.
Preloading 0 native plugins for Editor in 0.00 ms.
Unloading 2733 Unused Serialized files (Serialized files now loaded: 0)
Unloading 148 unused Assets / (108.1 KB). Loaded Objects now: 3164.
Memory consumption went from 155.9 MB to 155.8 MB.
Total: 3.384300 ms (FindLiveObjects: 0.301800 ms CreateObjectMapping: 0.154500 ms MarkObjects: 2.728100 ms  DeleteObjects: 0.198800 ms)

AssetImportParameters requested are different than current active one (requested -> active):
  custom:video-decoder-ogg-theora: a1e56fd34408186e4bbccfd4996cb3dc -> 
  custom:container-muxer-webm: aa71ff27fc2769a1b78a27578f13a17b -> 
  custom:container-demuxer-webm: 4f35f7cbe854078d1ac9338744f61a02 -> 
  custom:video-encoder-webm-vp8: eb34c28f22e8b96e1ab97ce403110664 -> 
  custom:audio-encoder-webm-vorbis: bf7c407c2cedff20999df2af8eb42d56 -> 
  custom:framework-win-MediaFoundation: 216162199b28c13a410421893ffa2e32 -> 
  custom:container-demuxer-ogg: 62fdf1f143b41e24485cea50d1cbac27 -> 
  custom:video-decoder-webm-vp8: 9c59270c3fd7afecdb556c50c9e8de78 -> 
  custom:audio-decoder-ogg-vorbis: bf7c407c2cedff20999df2af8eb42d56 -> 
========================================================================
Received Import Request.
  Time since last request: 121222.755627 seconds.
  path: Assets/Water FX Pack/Textures/FX_waterfall1.tga
  artifactKey: Guid(40067bb1d9e82f3449390e8eb1e21b68) Importer(815301076,1909f56bfc062723c751e8b465ee728b)
Start importing Assets/Water FX Pack/Textures/FX_waterfall1.tga using Guid(40067bb1d9e82f3449390e8eb1e21b68) Importer(815301076,1909f56bfc062723c751e8b465ee728b)  -> (artifact id: 'f94ba1faf7734d5ba67219547d5e574f') in 0.091895 seconds 
========================================================================
Received Import Request.
  Time since last request: 0.099204 seconds.
  path: Assets/Epic Toon FX/Prefabs/Combat/Explosions (Text)/Splash(Water).prefab
  artifactKey: Guid(8c572930e4b9a004cb428d7412a6eea9) Importer(815301076,1909f56bfc062723c751e8b465ee728b)
Start importing Assets/Epic Toon FX/Prefabs/Combat/Explosions (Text)/Splash(Water).prefab using Guid(8c572930e4b9a004cb428d7412a6eea9) Importer(815301076,1909f56bfc062723c751e8b465ee728b)  -> (artifact id: '3fac556b54c119c960681a76f2d69a74') in 0.385833 seconds 
========================================================================
Received Import Request.
  Time since last request: 0.685533 seconds.
  path: Assets/Assets/Material/Water.mat
  artifactKey: Guid(ea86506c45194ab4eb608a89554b3174) Importer(815301076,1909f56bfc062723c751e8b465ee728b)
Start importing Assets/Assets/Material/Water.mat using Guid(ea86506c45194ab4eb608a89554b3174) Importer(815301076,1909f56bfc062723c751e8b465ee728b)  -> (artifact id: '4b135801c6d60eb63db947b9f32c7e98') in 0.311883 seconds 
========================================================================
Received Import Request.
  Time since last request: 0.000027 seconds.
  path: Assets/Epic Toon FX/Textures/water_3x3.png
  artifactKey: Guid(b05d26bac9bd5cf4c82067f23ed75038) Importer(815301076,1909f56bfc062723c751e8b465ee728b)
Start importing Assets/Epic Toon FX/Textures/water_3x3.png using Guid(b05d26bac9bd5cf4c82067f23ed75038) Importer(815301076,1909f56bfc062723c751e8b465ee728b)  -> (artifact id: 'd91abf5531ceedc016ce40c361591317') in 0.096982 seconds 
========================================================================
Received Import Request.
  Time since last request: 0.000034 seconds.
  path: Assets/Epic Toon FX/Materials/Misc/Liquid/water_soft_3x3_AB.mat
  artifactKey: Guid(a3b80f031ac8ed843a342206e075abca) Importer(815301076,1909f56bfc062723c751e8b465ee728b)
Start importing Assets/Epic Toon FX/Materials/Misc/Liquid/water_soft_3x3_AB.mat using Guid(a3b80f031ac8ed843a342206e075abca) Importer(815301076,1909f56bfc062723c751e8b465ee728b)  -> (artifact id: '89e093c65905d9726613ccf016b06d09') in 0.040407 seconds 
========================================================================
Received Import Request.
  Time since last request: 0.000030 seconds.
  path: Assets/Epic Toon FX/Materials/Misc/Liquid/water_3x3_AB.mat
  artifactKey: Guid(c6cbb19e233e2824dabaac63818dc63b) Importer(815301076,1909f56bfc062723c751e8b465ee728b)
Start importing Assets/Epic Toon FX/Materials/Misc/Liquid/water_3x3_AB.mat using Guid(c6cbb19e233e2824dabaac63818dc63b) Importer(815301076,1909f56bfc062723c751e8b465ee728b)  -> (artifact id: 'dd8899cfe5f0ed0a8ed260c19b21f526') in 0.058713 seconds 
========================================================================
Received Import Request.
  Time since last request: 53.608892 seconds.
  path: Assets/Epic Toon FX/Prefabs/Environment/Water/Boiling/WaterBoiling.prefab
  artifactKey: Guid(69650b375a92f8e4c8ac8682d63f7451) Importer(815301076,1909f56bfc062723c751e8b465ee728b)
Start importing Assets/Epic Toon FX/Prefabs/Environment/Water/Boiling/WaterBoiling.prefab using Guid(69650b375a92f8e4c8ac8682d63f7451) Importer(815301076,1909f56bfc062723c751e8b465ee728b)  -> (artifact id: '47739cedcb26ce4ffe1b833791008915') in 0.076172 seconds 
========================================================================
Received Import Request.
  Time since last request: 0.004302 seconds.
  path: Assets/Epic Toon FX/Prefabs/Environment/Water/Flowing/Soft/WaterDripDynamicSoft.prefab
  artifactKey: Guid(6f795b4f7956b96499e9360985cb9399) Importer(815301076,1909f56bfc062723c751e8b465ee728b)
Start importing Assets/Epic Toon FX/Prefabs/Environment/Water/Flowing/Soft/WaterDripDynamicSoft.prefab using Guid(6f795b4f7956b96499e9360985cb9399) Importer(815301076,1909f56bfc062723c751e8b465ee728b)  -> (artifact id: '23975e49b0fa23ea984373dd5a64e632') in 0.047311 seconds 
========================================================================
Received Import Request.
  Time since last request: 0.000020 seconds.
  path: Assets/Epic Toon FX/Prefabs/Environment/Water/Flowing/Sharp/WaterDripFlowSharp.prefab
  artifactKey: Guid(4a4d6f9eb73b8054783390f1c25b2d58) Importer(815301076,1909f56bfc062723c751e8b465ee728b)
Start importing Assets/Epic Toon FX/Prefabs/Environment/Water/Flowing/Sharp/WaterDripFlowSharp.prefab using Guid(4a4d6f9eb73b8054783390f1c25b2d58) Importer(815301076,1909f56bfc062723c751e8b465ee728b)  -> (artifact id: '80eada6d1e7759dfd836cd6270a9dcbb') in 0.036450 seconds 
========================================================================
Received Import Request.
  Time since last request: 0.000018 seconds.
  path: Assets/Epic Toon FX/Prefabs/Environment/Water/Flowing/Transparent/WaterDripFlowTrsp.prefab
  artifactKey: Guid(c1adf59ab54634941930042888972e9e) Importer(815301076,1909f56bfc062723c751e8b465ee728b)
Start importing Assets/Epic Toon FX/Prefabs/Environment/Water/Flowing/Transparent/WaterDripFlowTrsp.prefab using Guid(c1adf59ab54634941930042888972e9e) Importer(815301076,1909f56bfc062723c751e8b465ee728b)  -> (artifact id: 'b54f1ed90882793c8ff295df6a7908d4') in 0.040115 seconds 
========================================================================
Received Import Request.
  Time since last request: 0.072051 seconds.
  path: Assets/Epic Toon FX/Prefabs 2D/Water/Flowing/WaterDrippingHeavy2D.prefab
  artifactKey: Guid(66d71020225395449aec6df8a0a79d55) Importer(815301076,1909f56bfc062723c751e8b465ee728b)
Start importing Assets/Epic Toon FX/Prefabs 2D/Water/Flowing/WaterDrippingHeavy2D.prefab using Guid(66d71020225395449aec6df8a0a79d55) Importer(815301076,1909f56bfc062723c751e8b465ee728b)  -> (artifact id: 'a89767fdc92efa1434980294da44c4b7') in 0.048279 seconds 
========================================================================
Received Import Request.
  Time since last request: 0.000029 seconds.
  path: Assets/Epic Toon FX/Prefabs/Environment/Water/Flowing/Soft/WaterDripSoft.prefab
  artifactKey: Guid(dc00596265b46b1439b5f83471a23c33) Importer(815301076,1909f56bfc062723c751e8b465ee728b)
Start importing Assets/Epic Toon FX/Prefabs/Environment/Water/Flowing/Soft/WaterDripSoft.prefab using Guid(dc00596265b46b1439b5f83471a23c33) Importer(815301076,1909f56bfc062723c751e8b465ee728b)  -> (artifact id: '73feed409136589171e55c90df01d7eb') in 0.032529 seconds 
========================================================================
Received Import Request.
  Time since last request: 0.000017 seconds.
  path: Assets/Epic Toon FX/Prefabs/Environment/Water/Flowing/Transparent/WaterDripTrsp.prefab
  artifactKey: Guid(70bf99f5be31bbb46b74bb9001145c81) Importer(815301076,1909f56bfc062723c751e8b465ee728b)
Start importing Assets/Epic Toon FX/Prefabs/Environment/Water/Flowing/Transparent/WaterDripTrsp.prefab using Guid(70bf99f5be31bbb46b74bb9001145c81) Importer(815301076,1909f56bfc062723c751e8b465ee728b)  -> (artifact id: '321638ead60b65441ac6312eee5b317c') in 0.020267 seconds 
========================================================================
Received Import Request.
  Time since last request: 0.000015 seconds.
  path: Assets/Epic Toon FX/Prefabs/Combat/Blood/Water/WaterExplosionRound2.prefab
  artifactKey: Guid(3320caacd9420ef45a8e0628c79b59d5) Importer(815301076,1909f56bfc062723c751e8b465ee728b)
Start importing Assets/Epic Toon FX/Prefabs/Combat/Blood/Water/WaterExplosionRound2.prefab using Guid(3320caacd9420ef45a8e0628c79b59d5) Importer(815301076,1909f56bfc062723c751e8b465ee728b)  -> (artifact id: '88dd1811e4d80fd957a4e544768eb514') in 0.095412 seconds 
========================================================================
Received Import Request.
  Time since last request: 0.000031 seconds.
  path: Assets/Epic Toon FX/Prefabs 2D/Water/Flowing/WaterFall2D.prefab
  artifactKey: Guid(2cefd564ba784214e918ef4ecfe7f700) Importer(815301076,1909f56bfc062723c751e8b465ee728b)
Start importing Assets/Epic Toon FX/Prefabs 2D/Water/Flowing/WaterFall2D.prefab using Guid(2cefd564ba784214e918ef4ecfe7f700) Importer(815301076,1909f56bfc062723c751e8b465ee728b)  -> (artifact id: '4548a59f62edb96e479fa9e0aec70b80') in 0.065768 seconds 
========================================================================
Received Import Request.
  Time since last request: 62.103827 seconds.
  path: Assets/TextMesh Pro/Examples & Extras/Sprites/Default Sprites.png
  artifactKey: Guid(a0fc465d6cf04254a2938578735e2383) Importer(815301076,1909f56bfc062723c751e8b465ee728b)
Start importing Assets/TextMesh Pro/Examples & Extras/Sprites/Default Sprites.png using Guid(a0fc465d6cf04254a2938578735e2383) Importer(815301076,1909f56bfc062723c751e8b465ee728b)  -> (artifact id: '17d9361dfbb1f0c4ce1c805d0c061c5b') in 0.038015 seconds 
========================================================================
Received Import Request.
  Time since last request: 0.000037 seconds.
  path: Assets/Epic Toon FX/Materials/Misc/Explosions/explosion_spritesheet2_3x3_AB.mat
  artifactKey: Guid(b57ecb5d7cd1cee469d6acafc107ea8e) Importer(815301076,1909f56bfc062723c751e8b465ee728b)
Start importing Assets/Epic Toon FX/Materials/Misc/Explosions/explosion_spritesheet2_3x3_AB.mat using Guid(b57ecb5d7cd1cee469d6acafc107ea8e) Importer(815301076,1909f56bfc062723c751e8b465ee728b)  -> (artifact id: 'c2c075c0ae233fc789786bf4b8de8864') in 0.086186 seconds 
========================================================================
Received Import Request.
  Time since last request: 0.000049 seconds.
  path: Assets/Epic Toon FX/Materials/Misc/Explosions/nova_6x3_spritesheet_ADD.mat
  artifactKey: Guid(ea696a4cf4fe1924796b308e4791aaf7) Importer(815301076,1909f56bfc062723c751e8b465ee728b)
Start importing Assets/Epic Toon FX/Materials/Misc/Explosions/nova_6x3_spritesheet_ADD.mat using Guid(ea696a4cf4fe1924796b308e4791aaf7) Importer(815301076,1909f56bfc062723c751e8b465ee728b)  -> (artifact id: '53ecbbe9e65be599725f263959fdb72d') in 0.298911 seconds 
========================================================================
Received Import Request.
  Time since last request: 0.000027 seconds.
  path: Assets/Mirza Beig/Particle Systems/Ultimate VFX/Textures/Particles/Sprites/tex_vfx-ult_particle_sprite_technoline.png
  artifactKey: Guid(06053012f1f1f4b46bfa4512e0afcaf9) Importer(815301076,1909f56bfc062723c751e8b465ee728b)
Start importing Assets/Mirza Beig/Particle Systems/Ultimate VFX/Textures/Particles/Sprites/tex_vfx-ult_particle_sprite_technoline.png using Guid(06053012f1f1f4b46bfa4512e0afcaf9) Importer(815301076,1909f56bfc062723c751e8b465ee728b)  -> (artifact id: '8deab35f7ac2f6da9454aeeecd4aaee9') in 0.041939 seconds 
========================================================================
Received Import Request.
  Time since last request: 0.000031 seconds.
  path: Assets/Mirza Beig/Particle Systems/Ultimate VFX/Textures/Particles/Sprites/tex_vfx-ult_particle_sprite_kh_twinkle.png
  artifactKey: Guid(5170a21be404f034da5e8fe5d0b30c94) Importer(815301076,1909f56bfc062723c751e8b465ee728b)
Start importing Assets/Mirza Beig/Particle Systems/Ultimate VFX/Textures/Particles/Sprites/tex_vfx-ult_particle_sprite_kh_twinkle.png using Guid(5170a21be404f034da5e8fe5d0b30c94) Importer(815301076,1909f56bfc062723c751e8b465ee728b)  -> (artifact id: '72bd39db5624565c955c0fc3727a9cfc') in 0.091106 seconds 
========================================================================
Received Import Request.
  Time since last request: 0.000020 seconds.
  path: Assets/Mirza Beig/Particle Systems/Ultimate VFX/Textures/Particles/Sprites/tex_vfx-ult_particle_sprite_shockwave.png
  artifactKey: Guid(aebc7b544a97c69448420be727c5ae57) Importer(815301076,1909f56bfc062723c751e8b465ee728b)
Start importing Assets/Mirza Beig/Particle Systems/Ultimate VFX/Textures/Particles/Sprites/tex_vfx-ult_particle_sprite_shockwave.png using Guid(aebc7b544a97c69448420be727c5ae57) Importer(815301076,1909f56bfc062723c751e8b465ee728b)  -> (artifact id: '7f9111d21ae8147df531a14061bf5fdd') in 0.031337 seconds 
========================================================================
Received Import Request.
  Time since last request: 6.962302 seconds.
  path: Assets/Epic Toon FX/Demo/Missile Prefabs/Energy/EnergyMissileBlueOBJ.prefab
  artifactKey: Guid(6644303e27214874983b6335aa5d14f8) Importer(815301076,1909f56bfc062723c751e8b465ee728b)
Start importing Assets/Epic Toon FX/Demo/Missile Prefabs/Energy/EnergyMissileBlueOBJ.prefab using Guid(6644303e27214874983b6335aa5d14f8) Importer(815301076,1909f56bfc062723c751e8b465ee728b)  -> (artifact id: 'e9e7484e4ff7d5e630328abc430a4bba') in 0.124023 seconds 
========================================================================
Received Import Request.
  Time since last request: 0.000028 seconds.
  path: Assets/Epic Toon FX/Prefabs/Combat/Missiles/Energy/EnergyMissilePink.prefab
  artifactKey: Guid(fa6b4c9c2205fc24ab1f6a32549f2891) Importer(815301076,1909f56bfc062723c751e8b465ee728b)
Start importing Assets/Epic Toon FX/Prefabs/Combat/Missiles/Energy/EnergyMissilePink.prefab using Guid(fa6b4c9c2205fc24ab1f6a32549f2891) Importer(815301076,1909f56bfc062723c751e8b465ee728b)  -> (artifact id: 'c8f6251ebdfafeb33843136807b94d69') in 0.033991 seconds 
========================================================================
Received Import Request.
  Time since last request: 0.000021 seconds.
  path: Assets/Epic Toon FX/Prefabs/Combat/Missiles/Energy/EnergyMissileRed.prefab
  artifactKey: Guid(b5ff8f15f2b8279429d253373f165984) Importer(815301076,1909f56bfc062723c751e8b465ee728b)
Start importing Assets/Epic Toon FX/Prefabs/Combat/Missiles/Energy/EnergyMissileRed.prefab using Guid(b5ff8f15f2b8279429d253373f165984) Importer(815301076,1909f56bfc062723c751e8b465ee728b)  -> (artifact id: '6f7838b9050d6831426ef294bcdf9cf1') in 0.023932 seconds 
========================================================================
Received Import Request.
  Time since last request: 0.000024 seconds.
  path: Assets/Epic Toon FX/Prefabs/Combat/Missiles/Energy/EnergyMissileGreen.prefab
  artifactKey: Guid(99c114328b10529409559fdde1d5cd8b) Importer(815301076,1909f56bfc062723c751e8b465ee728b)
Start importing Assets/Epic Toon FX/Prefabs/Combat/Missiles/Energy/EnergyMissileGreen.prefab using Guid(99c114328b10529409559fdde1d5cd8b) Importer(815301076,1909f56bfc062723c751e8b465ee728b)  -> (artifact id: '666ff30c7797bd89178fe63b2b7a30ca') in 0.021700 seconds 
========================================================================
Received Import Request.
  Time since last request: 0.000016 seconds.
  path: Assets/Epic Toon FX/Demo/Missile Prefabs/Energy/EnergyMissileYellowOBJ.prefab
  artifactKey: Guid(de3d8c3312e880148aa4ea43d661f6ae) Importer(815301076,1909f56bfc062723c751e8b465ee728b)
Start importing Assets/Epic Toon FX/Demo/Missile Prefabs/Energy/EnergyMissileYellowOBJ.prefab using Guid(de3d8c3312e880148aa4ea43d661f6ae) Importer(815301076,1909f56bfc062723c751e8b465ee728b)  -> (artifact id: 'e7dd662b01386e03662db1d0d0d56c4c') in 0.067894 seconds 
========================================================================
Received Import Request.
  Time since last request: 0.000021 seconds.
  path: Assets/Epic Toon FX/Demo/Missile Prefabs/Energy/EnergyMissilePinkOBJ.prefab
  artifactKey: Guid(b271048e2ef701641b075cc9f4936d7f) Importer(815301076,1909f56bfc062723c751e8b465ee728b)
Start importing Assets/Epic Toon FX/Demo/Missile Prefabs/Energy/EnergyMissilePinkOBJ.prefab using Guid(b271048e2ef701641b075cc9f4936d7f) Importer(815301076,1909f56bfc062723c751e8b465ee728b)  -> (artifact id: 'fc676aae7cbfc4775c531422549f3fcf') in 0.079296 seconds 
========================================================================
Received Import Request.
  Time since last request: 0.000017 seconds.
  path: Assets/Epic Toon FX/Prefabs/Combat/Missiles/FireballSharp/FireballSharpMissileBlue.prefab
  artifactKey: Guid(73d9f4ee08774eb49bec9a482d3873b0) Importer(815301076,1909f56bfc062723c751e8b465ee728b)
Start importing Assets/Epic Toon FX/Prefabs/Combat/Missiles/FireballSharp/FireballSharpMissileBlue.prefab using Guid(73d9f4ee08774eb49bec9a482d3873b0) Importer(815301076,1909f56bfc062723c751e8b465ee728b)  -> (artifact id: '7f1ba9f769ac7402ab7cc61227b8eeb3') in 0.213469 seconds 
========================================================================
Received Import Request.
  Time since last request: 0.000021 seconds.
  path: Assets/Epic Toon FX/Prefabs/Combat/Missiles/FireballSoft/FireballSoftMissilePink.prefab
  artifactKey: Guid(295390d54f54d694798ac311d41342a7) Importer(815301076,1909f56bfc062723c751e8b465ee728b)
Start importing Assets/Epic Toon FX/Prefabs/Combat/Missiles/FireballSoft/FireballSoftMissilePink.prefab using Guid(295390d54f54d694798ac311d41342a7) Importer(815301076,1909f56bfc062723c751e8b465ee728b)  -> (artifact id: 'f824018c75cb87cc9b5a95352d25f382') in 0.061364 seconds 
========================================================================
Received Import Request.
  Time since last request: 0.000024 seconds.
  path: Assets/Epic Toon FX/Prefabs/Combat/Missiles/Flash/FlashMissileGreen.prefab
  artifactKey: Guid(175066f53d36d8d4d9bdecb1e5314672) Importer(815301076,1909f56bfc062723c751e8b465ee728b)
Start importing Assets/Epic Toon FX/Prefabs/Combat/Missiles/Flash/FlashMissileGreen.prefab using Guid(175066f53d36d8d4d9bdecb1e5314672) Importer(815301076,1909f56bfc062723c751e8b465ee728b)  -> (artifact id: '4de3ee1daf8d803aa32c9cc9cb0d93de') in 0.046428 seconds 
========================================================================
Received Import Request.
  Time since last request: 0.000039 seconds.
  path: Assets/Epic Toon FX/Prefabs/Combat/Missiles/Flash/FlashMissilePink.prefab
  artifactKey: Guid(89f0a38a0d0d485469a33fa7a6b90c23) Importer(815301076,1909f56bfc062723c751e8b465ee728b)
Start importing Assets/Epic Toon FX/Prefabs/Combat/Missiles/Flash/FlashMissilePink.prefab using Guid(89f0a38a0d0d485469a33fa7a6b90c23) Importer(815301076,1909f56bfc062723c751e8b465ee728b)  -> (artifact id: '9b75ed95e3e58baf842bd41785668419') in 0.031780 seconds 
========================================================================
Received Import Request.
  Time since last request: 0.000018 seconds.
  path: Assets/Epic Toon FX/Prefabs/Combat/Missiles/Flash/FlashMissileYellow.prefab
  artifactKey: Guid(c787459d7b28c9a4ab701b1720cef097) Importer(815301076,1909f56bfc062723c751e8b465ee728b)
Start importing Assets/Epic Toon FX/Prefabs/Combat/Missiles/Flash/FlashMissileYellow.prefab using Guid(c787459d7b28c9a4ab701b1720cef097) Importer(815301076,1909f56bfc062723c751e8b465ee728b)  -> (artifact id: '0e059d69098648beeb3c6f2282cacedb') in 0.094993 seconds 
========================================================================
Received Import Request.
  Time since last request: 0.000026 seconds.
  path: Assets/Epic Toon FX/Prefabs/Combat/Missiles/Fireball/FireballMissileGreen.prefab
  artifactKey: Guid(2600ac3c92a32344aac7a38b64dc2f5c) Importer(815301076,1909f56bfc062723c751e8b465ee728b)
Start importing Assets/Epic Toon FX/Prefabs/Combat/Missiles/Fireball/FireballMissileGreen.prefab using Guid(2600ac3c92a32344aac7a38b64dc2f5c) Importer(815301076,1909f56bfc062723c751e8b465ee728b)  -> (artifact id: '937e12b63e0ed3c6ba14f4324e6d4f8f') in 0.057706 seconds 
========================================================================
Received Import Request.
  Time since last request: 0.000027 seconds.
  path: Assets/Epic Toon FX/Prefabs/Combat/Missiles/FireballSoft/FireballSoftMissileFire.prefab
  artifactKey: Guid(d7c4f1a918ad21244a3ebdacbf454af5) Importer(815301076,1909f56bfc062723c751e8b465ee728b)
Start importing Assets/Epic Toon FX/Prefabs/Combat/Missiles/FireballSoft/FireballSoftMissileFire.prefab using Guid(d7c4f1a918ad21244a3ebdacbf454af5) Importer(815301076,1909f56bfc062723c751e8b465ee728b)  -> (artifact id: '9bfdd599ad31611af78170dc9f5a9cd7') in 0.047403 seconds 
========================================================================
Received Import Request.
  Time since last request: 0.000037 seconds.
  path: Assets/Epic Toon FX/Demo/Missile Prefabs/Flash/FlashMissileGreenOBJ.prefab
  artifactKey: Guid(8473f3d05e480fb43a51a216064bbd33) Importer(815301076,1909f56bfc062723c751e8b465ee728b)
Start importing Assets/Epic Toon FX/Demo/Missile Prefabs/Flash/FlashMissileGreenOBJ.prefab using Guid(8473f3d05e480fb43a51a216064bbd33) Importer(815301076,1909f56bfc062723c751e8b465ee728b)  -> (artifact id: '0cf018b809649f06d15be9e4667f1494') in 0.054936 seconds 
========================================================================
Received Import Request.
  Time since last request: 0.000023 seconds.
  path: Assets/Epic Toon FX/Demo/Missile Prefabs/Energy/EnergyMissileRedOBJ.prefab
  artifactKey: Guid(b0ba517abf300074ab4d3fff228bafb7) Importer(815301076,1909f56bfc062723c751e8b465ee728b)
Start importing Assets/Epic Toon FX/Demo/Missile Prefabs/Energy/EnergyMissileRedOBJ.prefab using Guid(b0ba517abf300074ab4d3fff228bafb7) Importer(815301076,1909f56bfc062723c751e8b465ee728b)  -> (artifact id: '58c4237620931578bc176202a5923cfe') in 0.077010 seconds 
========================================================================
Received Import Request.
  Time since last request: 0.000029 seconds.
  path: Assets/Epic Toon FX/Prefabs/Combat/Missiles/FireballSoft/FireballSoftMissileGreen.prefab
  artifactKey: Guid(b3b1bbb7044543c4c9355bbe7b065911) Importer(815301076,1909f56bfc062723c751e8b465ee728b)
Start importing Assets/Epic Toon FX/Prefabs/Combat/Missiles/FireballSoft/FireballSoftMissileGreen.prefab using Guid(b3b1bbb7044543c4c9355bbe7b065911) Importer(815301076,1909f56bfc062723c751e8b465ee728b)  -> (artifact id: 'a07b3b052807cf60e3695b6937989564') in 0.047151 seconds 
========================================================================
Received Import Request.
  Time since last request: 0.000025 seconds.
  path: Assets/Epic Toon FX/Prefabs/Combat/Missiles/FireballSharp/FireballSharpMissileGreen.prefab
  artifactKey: Guid(d638dd864cf75654990d92d54e4bc96f) Importer(815301076,1909f56bfc062723c751e8b465ee728b)
Start importing Assets/Epic Toon FX/Prefabs/Combat/Missiles/FireballSharp/FireballSharpMissileGreen.prefab using Guid(d638dd864cf75654990d92d54e4bc96f) Importer(815301076,1909f56bfc062723c751e8b465ee728b)  -> (artifact id: 'd40bbdc49da0d058464753a1d94d3662') in 0.097545 seconds 
========================================================================
Received Import Request.
  Time since last request: 50.883592 seconds.
  path: Assets/Epic Toon FX/Prefabs/Environment/Water/Flowing/Soft/WaterfallSoft.prefab
  artifactKey: Guid(d76687ea17079b041bb6ed2e92277dff) Importer(815301076,1909f56bfc062723c751e8b465ee728b)
Start importing Assets/Epic Toon FX/Prefabs/Environment/Water/Flowing/Soft/WaterfallSoft.prefab using Guid(d76687ea17079b041bb6ed2e92277dff) Importer(815301076,1909f56bfc062723c751e8b465ee728b)  -> (artifact id: 'a60de56ec960e27a71135f86c72aeb11') in 0.053739 seconds 
========================================================================
Received Import Request.
  Time since last request: 0.007686 seconds.
  path: Assets/Epic Toon FX/Prefabs/Environment/Water/Flowing/Soft/WaterSplashSoft.prefab
  artifactKey: Guid(6fb46d7795a52ff42a59f55547b337c0) Importer(815301076,1909f56bfc062723c751e8b465ee728b)
Start importing Assets/Epic Toon FX/Prefabs/Environment/Water/Flowing/Soft/WaterSplashSoft.prefab using Guid(6fb46d7795a52ff42a59f55547b337c0) Importer(815301076,1909f56bfc062723c751e8b465ee728b)  -> (artifact id: 'b900004396aeffc4463304b4179f91e7') in 0.055440 seconds 
========================================================================
Received Prepare
Registering precompiled user dll's ...
Registered in 0.008558 seconds.
Begin MonoManager ReloadAssembly
Native extension for WindowsStandalone target not found
Native extension for Android target not found
Refreshing native plugins compatible for Editor in 1.56 ms, found 4 plugins.
Preloading 0 native plugins for Editor in 0.00 ms.
Mono: successfully reloaded assembly
- Completed reload, in  1.070 seconds
Domain Reload Profiling:
	ReloadAssembly (1070ms)
		BeginReloadAssembly (140ms)
			ExecutionOrderSort (0ms)
			DisableScriptedObjects (7ms)
			BackupInstance (0ms)
			ReleaseScriptingObjects (0ms)
			CreateAndSetChildDomain (36ms)
		EndReloadAssembly (814ms)
			LoadAssemblies (87ms)
			RebuildTransferFunctionScriptingTraits (0ms)
			SetupTypeCache (197ms)
			ReleaseScriptCaches (1ms)
			RebuildScriptCaches (47ms)
			SetupLoadedEditorAssemblies (436ms)
				LogAssemblyErrors (0ms)
				InitializePlatformSupportModulesInManaged (32ms)
				SetLoadedEditorAssemblies (1ms)
				RefreshPlugins (2ms)
				BeforeProcessingInitializeOnLoad (53ms)
				ProcessInitializeOnLoadAttributes (313ms)
				ProcessInitializeOnLoadMethodAttributes (27ms)
				AfterProcessingInitializeOnLoad (8ms)
				EditorAssembliesLoaded (0ms)
			ExecutionOrderSort2 (0ms)
			AwakeInstancesAfterBackupRestoration (8ms)
Platform modules already initialized, skipping
OnLevelWasLoaded was found on ShowcaseGUI
This message has been deprecated and will be removed in a later version of Unity.
Add a delegate to SceneManager.sceneLoaded instead to get notifications after scene loading has completed
Refreshing native plugins compatible for Editor in 10.19 ms, found 4 plugins.
Preloading 0 native plugins for Editor in 0.00 ms.
Unloading 2412 Unused Serialized files (Serialized files now loaded: 0)
Unloading 84 unused Assets / (67.8 KB). Loaded Objects now: 3207.
Memory consumption went from 128.1 MB to 128.0 MB.
Total: 3.292700 ms (FindLiveObjects: 0.284400 ms CreateObjectMapping: 0.238800 ms MarkObjects: 2.662200 ms  DeleteObjects: 0.106200 ms)

AssetImportParameters requested are different than current active one (requested -> active):
  custom:video-decoder-ogg-theora: a1e56fd34408186e4bbccfd4996cb3dc -> 
  custom:container-muxer-webm: aa71ff27fc2769a1b78a27578f13a17b -> 
  custom:container-demuxer-webm: 4f35f7cbe854078d1ac9338744f61a02 -> 
  custom:video-encoder-webm-vp8: eb34c28f22e8b96e1ab97ce403110664 -> 
  custom:audio-encoder-webm-vorbis: bf7c407c2cedff20999df2af8eb42d56 -> 
  custom:framework-win-MediaFoundation: 216162199b28c13a410421893ffa2e32 -> 
  custom:container-demuxer-ogg: 62fdf1f143b41e24485cea50d1cbac27 -> 
  custom:video-decoder-webm-vp8: 9c59270c3fd7afecdb556c50c9e8de78 -> 
  custom:audio-decoder-ogg-vorbis: bf7c407c2cedff20999df2af8eb42d56 -> 
========================================================================
Received Prepare
Registering precompiled user dll's ...
Registered in 0.009577 seconds.
Begin MonoManager ReloadAssembly
Native extension for WindowsStandalone target not found
Native extension for Android target not found
Refreshing native plugins compatible for Editor in 2.41 ms, found 4 plugins.
Preloading 0 native plugins for Editor in 0.00 ms.
Mono: successfully reloaded assembly
- Completed reload, in  1.077 seconds
Domain Reload Profiling:
	ReloadAssembly (1077ms)
		BeginReloadAssembly (143ms)
			ExecutionOrderSort (0ms)
			DisableScriptedObjects (7ms)
			BackupInstance (0ms)
			ReleaseScriptingObjects (0ms)
			CreateAndSetChildDomain (36ms)
		EndReloadAssembly (826ms)
			LoadAssemblies (90ms)
			RebuildTransferFunctionScriptingTraits (0ms)
			SetupTypeCache (199ms)
			ReleaseScriptCaches (1ms)
			RebuildScriptCaches (49ms)
			SetupLoadedEditorAssemblies (445ms)
				LogAssemblyErrors (0ms)
				InitializePlatformSupportModulesInManaged (26ms)
				SetLoadedEditorAssemblies (1ms)
				RefreshPlugins (2ms)
				BeforeProcessingInitializeOnLoad (60ms)
				ProcessInitializeOnLoadAttributes (319ms)
				ProcessInitializeOnLoadMethodAttributes (28ms)
				AfterProcessingInitializeOnLoad (8ms)
				EditorAssembliesLoaded (0ms)
			ExecutionOrderSort2 (0ms)
			AwakeInstancesAfterBackupRestoration (8ms)
Platform modules already initialized, skipping
OnLevelWasLoaded was found on ShowcaseGUI
This message has been deprecated and will be removed in a later version of Unity.
Add a delegate to SceneManager.sceneLoaded instead to get notifications after scene loading has completed
Refreshing native plugins compatible for Editor in 8.55 ms, found 4 plugins.
Preloading 0 native plugins for Editor in 0.00 ms.
Unloading 2412 Unused Serialized files (Serialized files now loaded: 0)
Unloading 84 unused Assets / (67.8 KB). Loaded Objects now: 3210.
Memory consumption went from 128.1 MB to 128.0 MB.
Total: 2.762600 ms (FindLiveObjects: 0.252200 ms CreateObjectMapping: 0.097600 ms MarkObjects: 2.312200 ms  DeleteObjects: 0.099800 ms)

AssetImportParameters requested are different than current active one (requested -> active):
  custom:video-decoder-ogg-theora: a1e56fd34408186e4bbccfd4996cb3dc -> 
  custom:container-muxer-webm: aa71ff27fc2769a1b78a27578f13a17b -> 
  custom:container-demuxer-webm: 4f35f7cbe854078d1ac9338744f61a02 -> 
  custom:video-encoder-webm-vp8: eb34c28f22e8b96e1ab97ce403110664 -> 
  custom:audio-encoder-webm-vorbis: bf7c407c2cedff20999df2af8eb42d56 -> 
  custom:framework-win-MediaFoundation: 216162199b28c13a410421893ffa2e32 -> 
  custom:container-demuxer-ogg: 62fdf1f143b41e24485cea50d1cbac27 -> 
  custom:video-decoder-webm-vp8: 9c59270c3fd7afecdb556c50c9e8de78 -> 
  custom:audio-decoder-ogg-vorbis: bf7c407c2cedff20999df2af8eb42d56 -> 
