Using pre-set license
Built from '2021.3/staging' branch; Version is '2021.3.1f1 (3b70a0754835) revision 3895456'; Using compiler version '192829333'; Build Type 'Release'
OS: 'Windows 10  (10.0.19045) 64bit Professional' Language: 'en' Physical Memory: 16255 MB
BatchMode: 1, IsHumanControllingUs: 0, StartBugReporterOnCrash: 0, Is64bit: 1, IsPro: 1

COMMAND LINE ARGUMENTS:
C:\Program Files\Unity\Hub\Editor\2021.3.1f1\Editor\Unity.exe
-adb2
-batchMode
-noUpm
-name
AssetImportWorker2
-projectPath
E:/UnityProjects/GarbageTruck_AK_Global
-logFile
Logs/AssetImportWorker2.log
-srvPort
54086
Successfully changed project path to: E:/UnityProjects/GarbageTruck_AK_Global
E:/UnityProjects/GarbageTruck_AK_Global
[UnityMemory] Configuration Parameters - Can be set up in boot.config
    "memorysetup-bucket-allocator-granularity=16"
    "memorysetup-bucket-allocator-bucket-count=8"
    "memorysetup-bucket-allocator-block-size=33554432"
    "memorysetup-bucket-allocator-block-count=8"
    "memorysetup-main-allocator-block-size=16777216"
    "memorysetup-thread-allocator-block-size=16777216"
    "memorysetup-gfx-main-allocator-block-size=16777216"
    "memorysetup-gfx-thread-allocator-block-size=16777216"
    "memorysetup-cache-allocator-block-size=4194304"
    "memorysetup-typetree-allocator-block-size=2097152"
    "memorysetup-profiler-bucket-allocator-granularity=16"
    "memorysetup-profiler-bucket-allocator-bucket-count=8"
    "memorysetup-profiler-bucket-allocator-block-size=33554432"
    "memorysetup-profiler-bucket-allocator-block-count=8"
    "memorysetup-profiler-allocator-block-size=16777216"
    "memorysetup-profiler-editor-allocator-block-size=1048576"
    "memorysetup-temp-allocator-size-main=16777216"
    "memorysetup-job-temp-allocator-block-size=2097152"
    "memorysetup-job-temp-allocator-block-size-background=1048576"
    "memorysetup-job-temp-allocator-reduction-small-platforms=262144"
    "memorysetup-temp-allocator-size-background-worker=32768"
    "memorysetup-temp-allocator-size-job-worker=262144"
    "memorysetup-temp-allocator-size-preload-manager=33554432"
    "memorysetup-temp-allocator-size-nav-mesh-worker=65536"
    "memorysetup-temp-allocator-size-audio-worker=65536"
    "memorysetup-temp-allocator-size-cloud-worker=32768"
    "memorysetup-temp-allocator-size-gi-baking-worker=262144"
    "memorysetup-temp-allocator-size-gfx=262144"
Refreshing native plugins compatible for Editor in 78.83 ms, found 3 plugins.
Preloading 0 native plugins for Editor in 0.00 ms.
Initialize engine version: 2021.3.1f1 (3b70a0754835)
[Subsystems] Discovering subsystems at path C:/Program Files/Unity/Hub/Editor/2021.3.1f1/Editor/Data/Resources/UnitySubsystems
[Subsystems] Discovering subsystems at path E:/UnityProjects/GarbageTruck_AK_Global/Assets
GfxDevice: creating device client; threaded=0; jobified=0
Direct3D:
    Version:  Direct3D 11.0 [level 11.1]
    Renderer: Intel(R) HD Graphics P4600/P4700 (ID=0x41a)
    Vendor:   Intel
    VRAM:     2048 MB
    Driver:   20.19.15.4624
Initialize mono
Mono path[0] = 'C:/Program Files/Unity/Hub/Editor/2021.3.1f1/Editor/Data/Managed'
Mono path[1] = 'C:/Program Files/Unity/Hub/Editor/2021.3.1f1/Editor/Data/MonoBleedingEdge/lib/mono/unityjit-win32'
Mono config path = 'C:/Program Files/Unity/Hub/Editor/2021.3.1f1/Editor/Data/MonoBleedingEdge/etc'
Using monoOptions --debugger-agent=transport=dt_socket,embedding=1,server=y,suspend=n,address=127.0.0.1:56436
Begin MonoManager ReloadAssembly
Registering precompiled unity dll's ...
Register platform support module: C:/Program Files/Unity/Hub/Editor/2021.3.1f1/Editor/Data/PlaybackEngines/AndroidPlayer/UnityEditor.Android.Extensions.dll
Register platform support module: C:/Program Files/Unity/Hub/Editor/2021.3.1f1/Editor/Data/PlaybackEngines/WindowsStandaloneSupport/UnityEditor.WindowsStandalone.Extensions.dll
Registered in 0.012648 seconds.
Native extension for WindowsStandalone target not found
Native extension for Android target not found
Refreshing native plugins compatible for Editor in 66.54 ms, found 3 plugins.
Preloading 0 native plugins for Editor in 0.00 ms.
Mono: successfully reloaded assembly
- Completed reload, in  0.723 seconds
Domain Reload Profiling:
	ReloadAssembly (724ms)
		BeginReloadAssembly (96ms)
			ExecutionOrderSort (0ms)
			DisableScriptedObjects (0ms)
			BackupInstance (0ms)
			ReleaseScriptingObjects (0ms)
			CreateAndSetChildDomain (1ms)
		EndReloadAssembly (491ms)
			LoadAssemblies (94ms)
			RebuildTransferFunctionScriptingTraits (0ms)
			SetupTypeCache (123ms)
			ReleaseScriptCaches (0ms)
			RebuildScriptCaches (31ms)
			SetupLoadedEditorAssemblies (281ms)
				LogAssemblyErrors (0ms)
				InitializePlatformSupportModulesInManaged (59ms)
				SetLoadedEditorAssemblies (0ms)
				RefreshPlugins (67ms)
				BeforeProcessingInitializeOnLoad (2ms)
				ProcessInitializeOnLoadAttributes (106ms)
				ProcessInitializeOnLoadMethodAttributes (47ms)
				AfterProcessingInitializeOnLoad (0ms)
				EditorAssembliesLoaded (0ms)
			ExecutionOrderSort2 (0ms)
			AwakeInstancesAfterBackupRestoration (0ms)
Platform modules already initialized, skipping
Registering precompiled user dll's ...
Registered in 0.009074 seconds.
Begin MonoManager ReloadAssembly
OnLevelWasLoaded was found on ShowcaseGUI
This message has been deprecated and will be removed in a later version of Unity.
Add a delegate to SceneManager.sceneLoaded instead to get notifications after scene loading has completed
Native extension for WindowsStandalone target not found
Native extension for Android target not found
Refreshing native plugins compatible for Editor in 1.41 ms, found 3 plugins.
Preloading 0 native plugins for Editor in 0.00 ms.
Mono: successfully reloaded assembly
- Completed reload, in  1.246 seconds
Domain Reload Profiling:
	ReloadAssembly (1247ms)
		BeginReloadAssembly (255ms)
			ExecutionOrderSort (0ms)
			DisableScriptedObjects (7ms)
			BackupInstance (0ms)
			ReleaseScriptingObjects (0ms)
			CreateAndSetChildDomain (145ms)
		EndReloadAssembly (862ms)
			LoadAssemblies (89ms)
			RebuildTransferFunctionScriptingTraits (0ms)
			SetupTypeCache (191ms)
			ReleaseScriptCaches (0ms)
			RebuildScriptCaches (84ms)
			SetupLoadedEditorAssemblies (450ms)
				LogAssemblyErrors (0ms)
				InitializePlatformSupportModulesInManaged (17ms)
				SetLoadedEditorAssemblies (1ms)
				RefreshPlugins (1ms)
				BeforeProcessingInitializeOnLoad (61ms)
				ProcessInitializeOnLoadAttributes (330ms)
				ProcessInitializeOnLoadMethodAttributes (30ms)
				AfterProcessingInitializeOnLoad (8ms)
				EditorAssembliesLoaded (0ms)
			ExecutionOrderSort2 (0ms)
			AwakeInstancesAfterBackupRestoration (8ms)
Platform modules already initialized, skipping
========================================================================
Worker process is ready to serve import requests
Launched and connected shader compiler UnityShaderCompiler.exe after 0.05 seconds
Refreshing native plugins compatible for Editor in 2.65 ms, found 3 plugins.
Preloading 0 native plugins for Editor in 0.00 ms.
Unloading 2499 Unused Serialized files (Serialized files now loaded: 0)
Unloading 145 unused Assets / (99.6 KB). Loaded Objects now: 2930.
Memory consumption went from 146.5 MB to 146.4 MB.
Total: 3.345300 ms (FindLiveObjects: 0.268100 ms CreateObjectMapping: 0.267100 ms MarkObjects: 2.664700 ms  DeleteObjects: 0.144200 ms)

AssetImportParameters requested are different than current active one (requested -> active):
  custom:video-decoder-ogg-theora: a1e56fd34408186e4bbccfd4996cb3dc -> 
  custom:container-muxer-webm: aa71ff27fc2769a1b78a27578f13a17b -> 
  custom:container-demuxer-webm: 4f35f7cbe854078d1ac9338744f61a02 -> 
  custom:video-encoder-webm-vp8: eb34c28f22e8b96e1ab97ce403110664 -> 
  custom:audio-encoder-webm-vorbis: bf7c407c2cedff20999df2af8eb42d56 -> 
  custom:framework-win-MediaFoundation: 216162199b28c13a410421893ffa2e32 -> 
  custom:container-demuxer-ogg: 62fdf1f143b41e24485cea50d1cbac27 -> 
  custom:video-decoder-webm-vp8: 9c59270c3fd7afecdb556c50c9e8de78 -> 
  custom:audio-decoder-ogg-vorbis: bf7c407c2cedff20999df2af8eb42d56 -> 
========================================================================
Received Import Request.
  Time since last request: 29031.099956 seconds.
  path: Assets/banana girl;/lambert1_Base_Color.png
  artifactKey: Guid(1502587ad17e68b448878bba117e35b6) Importer(815301076,1909f56bfc062723c751e8b465ee728b)
Start importing Assets/banana girl;/lambert1_Base_Color.png using Guid(1502587ad17e68b448878bba117e35b6) Importer(815301076,1909f56bfc062723c751e8b465ee728b)  -> (artifact id: 'babc19f9f75579f884dd8be2539da69b') in 0.158093 seconds 
========================================================================
Received Import Request.
  Time since last request: 0.000032 seconds.
  path: Assets/banana girl;/farbe_material_baseColor.jpeg
  artifactKey: Guid(f738a7465649f614d9835ecedc8d97a9) Importer(815301076,1909f56bfc062723c751e8b465ee728b)
Start importing Assets/banana girl;/farbe_material_baseColor.jpeg using Guid(f738a7465649f614d9835ecedc8d97a9) Importer(815301076,1909f56bfc062723c751e8b465ee728b)  -> (artifact id: 'ac42fca091bc4f89be714b530ca73fe7') in 0.090192 seconds 
========================================================================
Received Import Request.
  Time since last request: 0.000027 seconds.
  path: Assets/banana girl;/farbe_material.mat
  artifactKey: Guid(7b1b69363f0a0e54e87408f8c8582a01) Importer(815301076,1909f56bfc062723c751e8b465ee728b)
Start importing Assets/banana girl;/farbe_material.mat using Guid(7b1b69363f0a0e54e87408f8c8582a01) Importer(815301076,1909f56bfc062723c751e8b465ee728b)  -> (artifact id: '68b561c96795eadfed5556afb78adde1') in 0.175331 seconds 
========================================================================
Received Import Request.
  Time since last request: 23.294997 seconds.
  path: Assets/Game UI NEW/truck simulator/slices/level complete/base.png
  artifactKey: Guid(9a78cae1ef42ec84ba61cb6d141c5d38) Importer(815301076,1909f56bfc062723c751e8b465ee728b)
Start importing Assets/Game UI NEW/truck simulator/slices/level complete/base.png using Guid(9a78cae1ef42ec84ba61cb6d141c5d38) Importer(815301076,1909f56bfc062723c751e8b465ee728b)  -> (artifact id: '819cf56d84d93f0620a66a6b1914b975') in 0.160091 seconds 
========================================================================
Received Import Request.
  Time since last request: 0.000030 seconds.
  path: Assets/Game UI NEW/truck simulator/slices/level complete/retry.png
  artifactKey: Guid(7a374c0048d900247aee76f13514000b) Importer(815301076,1909f56bfc062723c751e8b465ee728b)
Start importing Assets/Game UI NEW/truck simulator/slices/level complete/retry.png using Guid(7a374c0048d900247aee76f13514000b) Importer(815301076,1909f56bfc062723c751e8b465ee728b)  -> (artifact id: 'e2f938d38d9bbf5cfc262b040c57544a') in 0.034129 seconds 
========================================================================
Received Import Request.
  Time since last request: 0.000029 seconds.
  path: Assets/Game UI NEW/truck simulator/slices/level complete/REFERICE.png
  artifactKey: Guid(514fcc39988d4d04ab57ef429bd1d4e4) Importer(815301076,1909f56bfc062723c751e8b465ee728b)
Start importing Assets/Game UI NEW/truck simulator/slices/level complete/REFERICE.png using Guid(514fcc39988d4d04ab57ef429bd1d4e4) Importer(815301076,1909f56bfc062723c751e8b465ee728b)  -> (artifact id: '9acd1db44bdcf835d49ca023ff84e3f8') in 0.100022 seconds 
========================================================================
Received Import Request.
  Time since last request: 0.000029 seconds.
  path: Assets/Game UI NEW/truck simulator/slices/level complete/STAR.png
  artifactKey: Guid(756d85680a9b48648b8398854eaad682) Importer(815301076,1909f56bfc062723c751e8b465ee728b)
Start importing Assets/Game UI NEW/truck simulator/slices/level complete/STAR.png using Guid(756d85680a9b48648b8398854eaad682) Importer(815301076,1909f56bfc062723c751e8b465ee728b)  -> (artifact id: '17c65189bfe50b3a9e62f9bcd5960e8b') in 0.028751 seconds 
========================================================================
Received Import Request.
  Time since last request: 0.000022 seconds.
  path: Assets/Game UI NEW/truck simulator/slices/level complete/exit.png
  artifactKey: Guid(0544bc2254f459b43ba698d96ea9d506) Importer(815301076,1909f56bfc062723c751e8b465ee728b)
Start importing Assets/Game UI NEW/truck simulator/slices/level complete/exit.png using Guid(0544bc2254f459b43ba698d96ea9d506) Importer(815301076,1909f56bfc062723c751e8b465ee728b)  -> (artifact id: 'd81dced314c56e5bdca70af91b02654f') in 0.028722 seconds 
========================================================================
Received Import Request.
  Time since last request: 0.000021 seconds.
  path: Assets/Game UI NEW/truck simulator/slices/level complete/trophy.png
  artifactKey: Guid(289e9d2ceb251ea42969d4e1ea4dd4b6) Importer(815301076,1909f56bfc062723c751e8b465ee728b)
Start importing Assets/Game UI NEW/truck simulator/slices/level complete/trophy.png using Guid(289e9d2ceb251ea42969d4e1ea4dd4b6) Importer(815301076,1909f56bfc062723c751e8b465ee728b)  -> (artifact id: '85855066b81c5e002599a1637c52c30b') in 0.161672 seconds 
========================================================================
Received Import Request.
  Time since last request: 2.127494 seconds.
  path: Assets/Game UI NEW/truck simulator/slices/levels/LEVEL SELECTION.png
  artifactKey: Guid(22176a3715f77a5438a4a84dcb94b150) Importer(815301076,1909f56bfc062723c751e8b465ee728b)
Start importing Assets/Game UI NEW/truck simulator/slices/levels/LEVEL SELECTION.png using Guid(22176a3715f77a5438a4a84dcb94b150) Importer(815301076,1909f56bfc062723c751e8b465ee728b)  -> (artifact id: 'd8b3b6b9471a0885bfd7954c8252143c') in 0.134297 seconds 
========================================================================
Received Import Request.
  Time since last request: 0.000027 seconds.
  path: Assets/Game UI NEW/truck simulator/slices/exit/no.png
  artifactKey: Guid(181165422c3e7664582986bf4e5ed423) Importer(815301076,1909f56bfc062723c751e8b465ee728b)
Start importing Assets/Game UI NEW/truck simulator/slices/exit/no.png using Guid(181165422c3e7664582986bf4e5ed423) Importer(815301076,1909f56bfc062723c751e8b465ee728b)  -> (artifact id: '0c26f9d0e0f2cb7521078150b797d00b') in 0.029107 seconds 
========================================================================
Received Import Request.
  Time since last request: 0.000024 seconds.
  path: Assets/Game UI NEW/truck simulator/slices/exit/panel.png
  artifactKey: Guid(188f1ed576ed5ca45a2beeeb5f66cff8) Importer(815301076,1909f56bfc062723c751e8b465ee728b)
Start importing Assets/Game UI NEW/truck simulator/slices/exit/panel.png using Guid(188f1ed576ed5ca45a2beeeb5f66cff8) Importer(815301076,1909f56bfc062723c751e8b465ee728b)  -> (artifact id: '7619d0881fb335ddf50e049d1275f9a8') in 0.042999 seconds 
========================================================================
Received Import Request.
  Time since last request: 0.000036 seconds.
  path: Assets/RealisticCarControllerV3/Textures/Dashboard/Needle.png
  artifactKey: Guid(3c09b76a6327df74abf00287d72b9a0f) Importer(815301076,1909f56bfc062723c751e8b465ee728b)
Start importing Assets/RealisticCarControllerV3/Textures/Dashboard/Needle.png using Guid(3c09b76a6327df74abf00287d72b9a0f) Importer(815301076,1909f56bfc062723c751e8b465ee728b)  -> (artifact id: '83c464112a77d22b003aa841f645adaf') in 0.020266 seconds 
========================================================================
Received Import Request.
  Time since last request: 0.000030 seconds.
  path: Assets/Misc/haroon car paints/red.png
  artifactKey: Guid(c278df0bde7e56440a3d278dbf957400) Importer(815301076,1909f56bfc062723c751e8b465ee728b)
Start importing Assets/Misc/haroon car paints/red.png using Guid(c278df0bde7e56440a3d278dbf957400) Importer(815301076,1909f56bfc062723c751e8b465ee728b)  -> (artifact id: 'a0bc8c326715d6a1d86c93ea3ae70d19') in 0.039430 seconds 
========================================================================
Received Import Request.
  Time since last request: 0.000023 seconds.
  path: Assets/Off_Road_Quaid_Bike_(UI)/Dialog_Box's_Temp/not_enough_cash/not enough cash.png
  artifactKey: Guid(4414a62fd7ecd054ea8055cc8da733e5) Importer(815301076,1909f56bfc062723c751e8b465ee728b)
Start importing Assets/Off_Road_Quaid_Bike_(UI)/Dialog_Box's_Temp/not_enough_cash/not enough cash.png using Guid(4414a62fd7ecd054ea8055cc8da733e5) Importer(815301076,1909f56bfc062723c751e8b465ee728b)  -> (artifact id: '782ef07055aa8810cb234fadb680d3ca') in 0.048383 seconds 
========================================================================
Received Import Request.
  Time since last request: 0.000020 seconds.
  path: Assets/Game UI NEW/truck simulator/slices/modes/NIGHT MODE.png
  artifactKey: Guid(bf2aa4be661f8014d91ff5b6202a086c) Importer(815301076,1909f56bfc062723c751e8b465ee728b)
Start importing Assets/Game UI NEW/truck simulator/slices/modes/NIGHT MODE.png using Guid(bf2aa4be661f8014d91ff5b6202a086c) Importer(815301076,1909f56bfc062723c751e8b465ee728b)  -> (artifact id: 'e4247b28b2b70d50191adba0b20107c1') in 0.087170 seconds 
========================================================================
Received Import Request.
  Time since last request: 0.000029 seconds.
  path: Assets/Game UI NEW/truck simulator/slices/menu/remove ads.png
  artifactKey: Guid(6eb2a97bf97c73445bde00a54a32890a) Importer(815301076,1909f56bfc062723c751e8b465ee728b)
Start importing Assets/Game UI NEW/truck simulator/slices/menu/remove ads.png using Guid(6eb2a97bf97c73445bde00a54a32890a) Importer(815301076,1909f56bfc062723c751e8b465ee728b)  -> (artifact id: '3ee1380c47a2d623574943edd5c0dd29') in 0.021198 seconds 
========================================================================
Received Import Request.
  Time since last request: 0.000038 seconds.
  path: Assets/Off_Road_Quaid_Bike_(UI)/Dialog_Box's_Temp/game_pause_temp/resume_P.png
  artifactKey: Guid(2b485c957d097c4449c1a848e7d375a2) Importer(815301076,1909f56bfc062723c751e8b465ee728b)
Start importing Assets/Off_Road_Quaid_Bike_(UI)/Dialog_Box's_Temp/game_pause_temp/resume_P.png using Guid(2b485c957d097c4449c1a848e7d375a2) Importer(815301076,1909f56bfc062723c751e8b465ee728b)  -> (artifact id: 'a2b3607078cf73ce97f0a05be00d7519') in 0.024385 seconds 
========================================================================
Received Import Request.
  Time since last request: 0.000021 seconds.
  path: Assets/Game UI NEW/truck simulator/slices/paused/resume button.png
  artifactKey: Guid(f1296d959875ab34bb0d2695e300c783) Importer(815301076,1909f56bfc062723c751e8b465ee728b)
Start importing Assets/Game UI NEW/truck simulator/slices/paused/resume button.png using Guid(f1296d959875ab34bb0d2695e300c783) Importer(815301076,1909f56bfc062723c751e8b465ee728b)  -> (artifact id: 'e827a12fb3270b9205290fc3d9bdb749') in 0.021207 seconds 
========================================================================
Received Import Request.
  Time since last request: 0.000030 seconds.
  path: Assets/RealisticCarControllerV3/Textures/Dashboard/Park.png
  artifactKey: Guid(8e86ff30d1da80b44a95d7264bc409f8) Importer(815301076,1909f56bfc062723c751e8b465ee728b)
Start importing Assets/RealisticCarControllerV3/Textures/Dashboard/Park.png using Guid(8e86ff30d1da80b44a95d7264bc409f8) Importer(815301076,1909f56bfc062723c751e8b465ee728b)  -> (artifact id: '587cba9a0f826fe697c15f2c871e1179') in 0.025252 seconds 
========================================================================
Received Import Request.
  Time since last request: 0.000026 seconds.
  path: Assets/Game UI NEW/truck simulator/slices/paused/panel.png
  artifactKey: Guid(aa2c1886199164249b918a450c024273) Importer(815301076,1909f56bfc062723c751e8b465ee728b)
Start importing Assets/Game UI NEW/truck simulator/slices/paused/panel.png using Guid(aa2c1886199164249b918a450c024273) Importer(815301076,1909f56bfc062723c751e8b465ee728b)  -> (artifact id: 'b464f62e189e38986b16c2e6dfca5792') in 0.048461 seconds 
========================================================================
Received Import Request.
  Time since last request: 0.000019 seconds.
  path: Assets/Game UI NEW/gameplay/gameplay/gameplay/right.png
  artifactKey: Guid(a3a54a80a82088d468d3a0196214808b) Importer(815301076,1909f56bfc062723c751e8b465ee728b)
Start importing Assets/Game UI NEW/gameplay/gameplay/gameplay/right.png using Guid(a3a54a80a82088d468d3a0196214808b) Importer(815301076,1909f56bfc062723c751e8b465ee728b)  -> (artifact id: '0ed30ff9949339a99ba82a1889dc2657') in 0.026981 seconds 
========================================================================
Received Import Request.
  Time since last request: 0.000026 seconds.
  path: Assets/Game UI NEW/truck simulator/slices/paused/menu.png
  artifactKey: Guid(fc62c60cd63b9924b9054307e38d68cb) Importer(815301076,1909f56bfc062723c751e8b465ee728b)
Start importing Assets/Game UI NEW/truck simulator/slices/paused/menu.png using Guid(fc62c60cd63b9924b9054307e38d68cb) Importer(815301076,1909f56bfc062723c751e8b465ee728b)  -> (artifact id: 'f49c5727cb59fc9d071894b85c744061') in 0.065304 seconds 
========================================================================
Received Import Request.
  Time since last request: 0.000029 seconds.
  path: Assets/Game UI NEW/truck simulator/slices/failed/penal.png
  artifactKey: Guid(b03c9f90d6acc3844a2a773b8945e3cf) Importer(815301076,1909f56bfc062723c751e8b465ee728b)
Start importing Assets/Game UI NEW/truck simulator/slices/failed/penal.png using Guid(b03c9f90d6acc3844a2a773b8945e3cf) Importer(815301076,1909f56bfc062723c751e8b465ee728b)  -> (artifact id: '91fd592e28dba7a69a29a4abfd5d552b') in 0.094171 seconds 
========================================================================
Received Import Request.
  Time since last request: 1.102898 seconds.
  path: Assets/RealisticCarControllerV3/Textures/Dashboard/Indicator.png
  artifactKey: Guid(8f20149bbc2e93343a4b00e71b3ebfd1) Importer(815301076,1909f56bfc062723c751e8b465ee728b)
Start importing Assets/RealisticCarControllerV3/Textures/Dashboard/Indicator.png using Guid(8f20149bbc2e93343a4b00e71b3ebfd1) Importer(815301076,1909f56bfc062723c751e8b465ee728b)  -> (artifact id: 'cc819a918570a8f344336e0a487426d9') in 0.074999 seconds 
========================================================================
Received Import Request.
  Time since last request: 0.000046 seconds.
  path: Assets/truck transform/panels/Health Bar Uper.png
  artifactKey: Guid(f51dfb3b9f18da04c84e7677d4ee4ede) Importer(815301076,1909f56bfc062723c751e8b465ee728b)
Start importing Assets/truck transform/panels/Health Bar Uper.png using Guid(f51dfb3b9f18da04c84e7677d4ee4ede) Importer(815301076,1909f56bfc062723c751e8b465ee728b)  -> (artifact id: '5cb88bf3cda14598ecfe0c782e94e7a4') in 0.023469 seconds 
========================================================================
Received Import Request.
  Time since last request: 0.000029 seconds.
  path: Assets/Game UI NEW/truck simulator/slices/modes/heading.png
  artifactKey: Guid(6bf7533ccf31b464da1b41f2cf1a2b44) Importer(815301076,1909f56bfc062723c751e8b465ee728b)
Start importing Assets/Game UI NEW/truck simulator/slices/modes/heading.png using Guid(6bf7533ccf31b464da1b41f2cf1a2b44) Importer(815301076,1909f56bfc062723c751e8b465ee728b)  -> (artifact id: 'd37bdd79a5474a3dab1412d125d0a7e5') in 0.040388 seconds 
========================================================================
Received Import Request.
  Time since last request: 0.033884 seconds.
  path: Assets/Misc/haroon car paints/green.png
  artifactKey: Guid(1f205129cd21fb542b27eed9949ac342) Importer(815301076,1909f56bfc062723c751e8b465ee728b)
Start importing Assets/Misc/haroon car paints/green.png using Guid(1f205129cd21fb542b27eed9949ac342) Importer(815301076,1909f56bfc062723c751e8b465ee728b)  -> (artifact id: '59cafbf539874ade830fa0d0d2386306') in 0.031394 seconds 
========================================================================
Received Import Request.
  Time since last request: 0.000028 seconds.
  path: Assets/Game UI NEW/truck simulator/slices/failed/Group 3.png
  artifactKey: Guid(35672cc0112c3d440898f5ba21bda6a2) Importer(815301076,1909f56bfc062723c751e8b465ee728b)
Start importing Assets/Game UI NEW/truck simulator/slices/failed/Group 3.png using Guid(35672cc0112c3d440898f5ba21bda6a2) Importer(815301076,1909f56bfc062723c751e8b465ee728b)  -> (artifact id: '484f49e7cee13989c5340bc8c2f25577') in 0.088917 seconds 
========================================================================
Received Import Request.
  Time since last request: 0.268865 seconds.
  path: Assets/Taxi Gui/Settings Buttons/Game Music.png
  artifactKey: Guid(9d22091c199a04c4dbba0c91e6c046cc) Importer(815301076,1909f56bfc062723c751e8b465ee728b)
Start importing Assets/Taxi Gui/Settings Buttons/Game Music.png using Guid(9d22091c199a04c4dbba0c91e6c046cc) Importer(815301076,1909f56bfc062723c751e8b465ee728b)  -> (artifact id: '47b6416584116e55e9fd18b8ab663090') in 0.038240 seconds 
========================================================================
Received Import Request.
  Time since last request: 0.097001 seconds.
  path: Assets/Off_Road_Quaid_Bike_(UI)/Dialog_Box's_Temp/not_enough_cash/exit_n copy.png
  artifactKey: Guid(22a40ff99011fc3489ecff52fb9b59d8) Importer(815301076,1909f56bfc062723c751e8b465ee728b)
Start importing Assets/Off_Road_Quaid_Bike_(UI)/Dialog_Box's_Temp/not_enough_cash/exit_n copy.png using Guid(22a40ff99011fc3489ecff52fb9b59d8) Importer(815301076,1909f56bfc062723c751e8b465ee728b)  -> (artifact id: 'cb4172e728016427b9a76099195feb88') in 0.037842 seconds 
========================================================================
Received Import Request.
  Time since last request: 0.000023 seconds.
  path: Assets/Game UI NEW/truck simulator/slices/menu/exit.png
  artifactKey: Guid(d398ea4652f92e9429cfd9fe6ae7bacc) Importer(815301076,1909f56bfc062723c751e8b465ee728b)
Start importing Assets/Game UI NEW/truck simulator/slices/menu/exit.png using Guid(d398ea4652f92e9429cfd9fe6ae7bacc) Importer(815301076,1909f56bfc062723c751e8b465ee728b)  -> (artifact id: '3e896cef6b80daafcfb127a01093425f') in 0.026914 seconds 
========================================================================
Received Import Request.
  Time since last request: 0.000040 seconds.
  path: Assets/Game UI NEW/truck simulator/slices/exit/GAME  EXIT.png
  artifactKey: Guid(47d39d746325d074e8cbbbfd5db5fe95) Importer(815301076,1909f56bfc062723c751e8b465ee728b)
Start importing Assets/Game UI NEW/truck simulator/slices/exit/GAME  EXIT.png using Guid(47d39d746325d074e8cbbbfd5db5fe95) Importer(815301076,1909f56bfc062723c751e8b465ee728b)  -> (artifact id: 'db0d7533b9bbc45141f64d454e7e9d85') in 0.034135 seconds 
========================================================================
Received Import Request.
  Time since last request: 0.000027 seconds.
  path: Assets/Epic Toon FX/Demo/Textures/devsprite_small.png
  artifactKey: Guid(1b11d80e568a47143a1865eb7ae8976e) Importer(815301076,1909f56bfc062723c751e8b465ee728b)
Start importing Assets/Epic Toon FX/Demo/Textures/devsprite_small.png using Guid(1b11d80e568a47143a1865eb7ae8976e) Importer(815301076,1909f56bfc062723c751e8b465ee728b)  -> (artifact id: 'c8aea0452f24699cd7a871e79c37f7ac') in 0.113340 seconds 
========================================================================
Received Import Request.
  Time since last request: 0.000019 seconds.
  path: Assets/RealisticCarControllerV3/Textures/Dashboard/ESP.png
  artifactKey: Guid(49988189f6a02ab4ba61a878b0a453a7) Importer(815301076,1909f56bfc062723c751e8b465ee728b)
Start importing Assets/RealisticCarControllerV3/Textures/Dashboard/ESP.png using Guid(49988189f6a02ab4ba61a878b0a453a7) Importer(815301076,1909f56bfc062723c751e8b465ee728b)  -> (artifact id: '27e90454b4bcbafcd1d19f9d2cd14406') in 0.022199 seconds 
========================================================================
Received Import Request.
  Time since last request: 0.422904 seconds.
  path: Assets/Game UI NEW/truck simulator/slices/menu/Coins.png
  artifactKey: Guid(6860095b796084b49a2197ce9281ddbf) Importer(815301076,1909f56bfc062723c751e8b465ee728b)
Start importing Assets/Game UI NEW/truck simulator/slices/menu/Coins.png using Guid(6860095b796084b49a2197ce9281ddbf) Importer(815301076,1909f56bfc062723c751e8b465ee728b)  -> (artifact id: 'd1cb11b3810027e7b6bbb02e278cc47c') in 0.027991 seconds 
========================================================================
Received Import Request.
  Time since last request: 0.000021 seconds.
  path: Assets/Game UI NEW/truck simulator/slices/failed/defeat.png
  artifactKey: Guid(46a8f588fee550548a4d089638db596b) Importer(815301076,1909f56bfc062723c751e8b465ee728b)
Start importing Assets/Game UI NEW/truck simulator/slices/failed/defeat.png using Guid(46a8f588fee550548a4d089638db596b) Importer(815301076,1909f56bfc062723c751e8b465ee728b)  -> (artifact id: '35ca6ed65563ac5c9ce5317764f3b92d') in 0.124497 seconds 
========================================================================
Received Import Request.
  Time since last request: 0.000051 seconds.
  path: Assets/Plugins/DALL_E_2022-10-23_17.42.18-removebg-preview.png
  artifactKey: Guid(52424ddc862fcae4f91ad46aa88c7efa) Importer(815301076,1909f56bfc062723c751e8b465ee728b)
Start importing Assets/Plugins/DALL_E_2022-10-23_17.42.18-removebg-preview.png using Guid(52424ddc862fcae4f91ad46aa88c7efa) Importer(815301076,1909f56bfc062723c751e8b465ee728b)  -> (artifact id: '8f681ae4bc830f1fdd138c8073888873') in 0.055527 seconds 
========================================================================
Received Import Request.
  Time since last request: 0.019888 seconds.
  path: Assets/RealisticCarControllerV3/Textures/Mobile Textures/BrakeButton.png
  artifactKey: Guid(a5f9304e099e92e4fadff8693c0e5b1a) Importer(815301076,1909f56bfc062723c751e8b465ee728b)
Start importing Assets/RealisticCarControllerV3/Textures/Mobile Textures/BrakeButton.png using Guid(a5f9304e099e92e4fadff8693c0e5b1a) Importer(815301076,1909f56bfc062723c751e8b465ee728b)  -> (artifact id: '97768979e8ab8d7b96bc5792ada5ff6d') in 0.027481 seconds 
========================================================================
Received Import Request.
  Time since last request: 0.000022 seconds.
  path: Assets/truck transform/buttons/cash.png
  artifactKey: Guid(c58158958566fab4cad6db1f877e4c15) Importer(815301076,1909f56bfc062723c751e8b465ee728b)
Start importing Assets/truck transform/buttons/cash.png using Guid(c58158958566fab4cad6db1f877e4c15) Importer(815301076,1909f56bfc062723c751e8b465ee728b)  -> (artifact id: 'f9c8cdad02e42539034f00bcf9436dae') in 0.029694 seconds 
========================================================================
Received Import Request.
  Time since last request: 0.000032 seconds.
  path: Assets/New cargo Truck Ui/main menu/coins.png
  artifactKey: Guid(63cce6dc38099104f9d322772eab7233) Importer(815301076,1909f56bfc062723c751e8b465ee728b)
Start importing Assets/New cargo Truck Ui/main menu/coins.png using Guid(63cce6dc38099104f9d322772eab7233) Importer(815301076,1909f56bfc062723c751e8b465ee728b)  -> (artifact id: 'afea0ada9f282a282f753cd5fc631e9c') in 0.036605 seconds 
========================================================================
Received Import Request.
  Time since last request: 0.000021 seconds.
  path: Assets/New cargo Truck Ui/main menu/cash.png
  artifactKey: Guid(05aceef1952246b469f1c77e940f6614) Importer(815301076,1909f56bfc062723c751e8b465ee728b)
Start importing Assets/New cargo Truck Ui/main menu/cash.png using Guid(05aceef1952246b469f1c77e940f6614) Importer(815301076,1909f56bfc062723c751e8b465ee728b)  -> (artifact id: '51bd17fc6328f40e716abddec23de7af') in 0.035904 seconds 
========================================================================
Received Import Request.
  Time since last request: 0.000029 seconds.
  path: Assets/Game UI NEW/gameplay/gameplay/gameplay/brake.png
  artifactKey: Guid(15292b5e8e959bb4e949c26ad11d7780) Importer(815301076,1909f56bfc062723c751e8b465ee728b)
Start importing Assets/Game UI NEW/gameplay/gameplay/gameplay/brake.png using Guid(15292b5e8e959bb4e949c26ad11d7780) Importer(815301076,1909f56bfc062723c751e8b465ee728b)  -> (artifact id: '97ec5caf4802bac643fc870627742a63') in 0.028423 seconds 
========================================================================
Received Import Request.
  Time since last request: 0.000024 seconds.
  path: Assets/Game UI NEW/truck simulator/slices/menu/bgg.png
  artifactKey: Guid(7c02e022b67d5a54d965b99dfe3207b9) Importer(815301076,1909f56bfc062723c751e8b465ee728b)
Start importing Assets/Game UI NEW/truck simulator/slices/menu/bgg.png using Guid(7c02e022b67d5a54d965b99dfe3207b9) Importer(815301076,1909f56bfc062723c751e8b465ee728b)  -> (artifact id: '7d3bcac1e027144ed73d3594de1e692d') in 0.192996 seconds 
========================================================================
Received Import Request.
  Time since last request: 0.000020 seconds.
  path: Assets/RealisticCarControllerV3/Textures/Dashboard/Boost.png
  artifactKey: Guid(884b50532e2c6f64d9b2a8c11dc7494d) Importer(815301076,1909f56bfc062723c751e8b465ee728b)
Start importing Assets/RealisticCarControllerV3/Textures/Dashboard/Boost.png using Guid(884b50532e2c6f64d9b2a8c11dc7494d) Importer(815301076,1909f56bfc062723c751e8b465ee728b)  -> (artifact id: '6d1f8bd135b3038bcf5478128c34d4be') in 0.022305 seconds 
========================================================================
Received Import Request.
  Time since last request: 0.230036 seconds.
  path: Assets/Game UI NEW/truck simulator/slices/levels/base.png
  artifactKey: Guid(f65306463cf13064c9826b2bd742442b) Importer(815301076,1909f56bfc062723c751e8b465ee728b)
Start importing Assets/Game UI NEW/truck simulator/slices/levels/base.png using Guid(f65306463cf13064c9826b2bd742442b) Importer(815301076,1909f56bfc062723c751e8b465ee728b)  -> (artifact id: 'e534b6bbfaa52ce6875bb88cfc8ab696') in 0.062115 seconds 
========================================================================
Received Import Request.
  Time since last request: 167.048256 seconds.
  path: Assets/Game UI NEW/gameplay/gameplay/gameplay/right copy.png
  artifactKey: Guid(1f66308d20531e04b8522ade8a61cd53) Importer(815301076,1909f56bfc062723c751e8b465ee728b)
Start importing Assets/Game UI NEW/gameplay/gameplay/gameplay/right copy.png using Guid(1f66308d20531e04b8522ade8a61cd53) Importer(815301076,1909f56bfc062723c751e8b465ee728b)  -> (artifact id: '89fbe4a324fa39c92cad8fbd27b8392f') in 0.040446 seconds 
========================================================================
Received Import Request.
  Time since last request: 0.000026 seconds.
  path: Assets/RealisticCarControllerV3/Textures/Dashboard/RPMMeter.png
  artifactKey: Guid(f86f89893f777344eb7fa466bd572515) Importer(815301076,1909f56bfc062723c751e8b465ee728b)
Start importing Assets/RealisticCarControllerV3/Textures/Dashboard/RPMMeter.png using Guid(f86f89893f777344eb7fa466bd572515) Importer(815301076,1909f56bfc062723c751e8b465ee728b)  -> (artifact id: 'c2939df5f636d58ecb9cbadf0cb92ccf') in 0.030330 seconds 
========================================================================
Received Import Request.
  Time since last request: 0.000022 seconds.
  path: Assets/New cargo Truck Ui/popup/Shop .png
  artifactKey: Guid(77e254f6578140d439f6b50036778b29) Importer(815301076,1909f56bfc062723c751e8b465ee728b)
Start importing Assets/New cargo Truck Ui/popup/Shop .png using Guid(77e254f6578140d439f6b50036778b29) Importer(815301076,1909f56bfc062723c751e8b465ee728b)  -> (artifact id: '42fe67e782940d30b8d507a40b8659a8') in 0.022304 seconds 
========================================================================
Received Import Request.
  Time since last request: 0.000021 seconds.
  path: Assets/RealisticCarControllerV3/Textures/Dashboard/Speedometer.png
  artifactKey: Guid(75c3c6c50f2e4cd4b8bb697bad33fa79) Importer(815301076,1909f56bfc062723c751e8b465ee728b)
Start importing Assets/RealisticCarControllerV3/Textures/Dashboard/Speedometer.png using Guid(75c3c6c50f2e4cd4b8bb697bad33fa79) Importer(815301076,1909f56bfc062723c751e8b465ee728b)  -> (artifact id: 'df9dffbaab523030a23bbfc76808b0a9') in 0.021617 seconds 
========================================================================
Received Import Request.
  Time since last request: 0.000031 seconds.
  path: Assets/Game UI NEW/gameplay/gameplay/gameplay/steering.png
  artifactKey: Guid(57ca604fd9a5e52458393868c8945713) Importer(815301076,1909f56bfc062723c751e8b465ee728b)
Start importing Assets/Game UI NEW/gameplay/gameplay/gameplay/steering.png using Guid(57ca604fd9a5e52458393868c8945713) Importer(815301076,1909f56bfc062723c751e8b465ee728b)  -> (artifact id: '37c6528fe18b5b6ac8c220b40d1beaec') in 0.044455 seconds 
========================================================================
Received Import Request.
  Time since last request: 0.000040 seconds.
  path: Assets/Game UI NEW/truck simulator/slices/menu/start.png
  artifactKey: Guid(a3b28cea40affdd419265f30885d37a9) Importer(815301076,1909f56bfc062723c751e8b465ee728b)
Start importing Assets/Game UI NEW/truck simulator/slices/menu/start.png using Guid(a3b28cea40affdd419265f30885d37a9) Importer(815301076,1909f56bfc062723c751e8b465ee728b)  -> (artifact id: 'bf540fb52130d7c6a9a270a2169a388a') in 0.021816 seconds 
========================================================================
Received Import Request.
  Time since last request: 0.000033 seconds.
  path: Assets/Game UI NEW/gameplay/gameplay/gameplay/time bar.png
  artifactKey: Guid(c8cdabc9913fa0842bfe7a6c386da0ed) Importer(815301076,1909f56bfc062723c751e8b465ee728b)
Start importing Assets/Game UI NEW/gameplay/gameplay/gameplay/time bar.png using Guid(c8cdabc9913fa0842bfe7a6c386da0ed) Importer(815301076,1909f56bfc062723c751e8b465ee728b)  -> (artifact id: '4e8d444cf98662084e5904382194138b') in 0.020102 seconds 
========================================================================
Received Import Request.
  Time since last request: 0.000019 seconds.
  path: Assets/RealisticCarControllerV3/Textures/Dashboard/RPMTop.png
  artifactKey: Guid(39c168b8f7d4a964f8bd4d4489e0d0ba) Importer(815301076,1909f56bfc062723c751e8b465ee728b)
Start importing Assets/RealisticCarControllerV3/Textures/Dashboard/RPMTop.png using Guid(39c168b8f7d4a964f8bd4d4489e0d0ba) Importer(815301076,1909f56bfc062723c751e8b465ee728b)  -> (artifact id: '9d8826639f993c1082c1d095aa0f13ad') in 0.030705 seconds 
========================================================================
Received Import Request.
  Time since last request: 0.000027 seconds.
  path: Assets/Game UI NEW/truck simulator/slices/failed/star.png
  artifactKey: Guid(2e42e2bf1493a8f4298bc6284c4d0e31) Importer(815301076,1909f56bfc062723c751e8b465ee728b)
Start importing Assets/Game UI NEW/truck simulator/slices/failed/star.png using Guid(2e42e2bf1493a8f4298bc6284c4d0e31) Importer(815301076,1909f56bfc062723c751e8b465ee728b)  -> (artifact id: 'e430208e9b2d7288a11cb349ba9ce5d2') in 0.041722 seconds 
========================================================================
Received Import Request.
  Time since last request: 0.000021 seconds.
  path: Assets/Taxi Gui/Settings Buttons/Sound Effect..png
  artifactKey: Guid(ed551edc968f7ae48b3a2bf835ddf626) Importer(815301076,1909f56bfc062723c751e8b465ee728b)
Start importing Assets/Taxi Gui/Settings Buttons/Sound Effect..png using Guid(ed551edc968f7ae48b3a2bf835ddf626) Importer(815301076,1909f56bfc062723c751e8b465ee728b)  -> (artifact id: '70580e9b53baab4583f7177b8b898c32') in 0.023061 seconds 
========================================================================
Received Import Request.
  Time since last request: 0.349591 seconds.
  path: Assets/RealisticCarControllerV3/Textures/Dashboard/Timer.png
  artifactKey: Guid(ede9ac91d1b6a694b8d8cc60a199eac6) Importer(815301076,1909f56bfc062723c751e8b465ee728b)
Start importing Assets/RealisticCarControllerV3/Textures/Dashboard/Timer.png using Guid(ede9ac91d1b6a694b8d8cc60a199eac6) Importer(815301076,1909f56bfc062723c751e8b465ee728b)  -> (artifact id: 'f32d5656aba51b5a53157fedbd01ec74') in 0.024615 seconds 
========================================================================
Received Import Request.
  Time since last request: 0.000032 seconds.
  path: Assets/Game UI NEW/truck simulator/slices/levels/unlocked.png
  artifactKey: Guid(b9988b9f9a4e12c409757c114b4dc4f2) Importer(815301076,1909f56bfc062723c751e8b465ee728b)
Start importing Assets/Game UI NEW/truck simulator/slices/levels/unlocked.png using Guid(b9988b9f9a4e12c409757c114b4dc4f2) Importer(815301076,1909f56bfc062723c751e8b465ee728b)  -> (artifact id: '5c30b264a050226074bee9af01b6d4e2') in 0.043921 seconds 
========================================================================
Received Import Request.
  Time since last request: 0.000026 seconds.
  path: Assets/truck transform/vehicle-selection.png
  artifactKey: Guid(b0b3a28e1926815409ed82ca53a2f611) Importer(815301076,1909f56bfc062723c751e8b465ee728b)
Start importing Assets/truck transform/vehicle-selection.png using Guid(b0b3a28e1926815409ed82ca53a2f611) Importer(815301076,1909f56bfc062723c751e8b465ee728b)  -> (artifact id: '16f4c4ed0e1e50163b92fe9041be6381') in 0.061575 seconds 
========================================================================
Received Import Request.
  Time since last request: 0.000038 seconds.
  path: Assets/Game UI NEW/truck simulator/slices/failed/YOU LOSE!.png
  artifactKey: Guid(4a172773d25b3cb46bd8123d565bfb53) Importer(815301076,1909f56bfc062723c751e8b465ee728b)
Start importing Assets/Game UI NEW/truck simulator/slices/failed/YOU LOSE!.png using Guid(4a172773d25b3cb46bd8123d565bfb53) Importer(815301076,1909f56bfc062723c751e8b465ee728b)  -> (artifact id: '89ca4b3524e244904ab3bc9a3a2cd08b') in 0.023797 seconds 
========================================================================
Received Import Request.
  Time since last request: 679.916014 seconds.
  path: Assets/atlas/atlas.png
  artifactKey: Guid(357c379fca2d038499654bfaa126b192) Importer(815301076,1909f56bfc062723c751e8b465ee728b)
Start importing Assets/atlas/atlas.png using Guid(357c379fca2d038499654bfaa126b192) Importer(815301076,1909f56bfc062723c751e8b465ee728b)  -> (artifact id: '66f29799545e2f754a681cfe0fbf910e') in 0.593151 seconds 
========================================================================
Received Import Request.
  Time since last request: 56.762667 seconds.
  path: Assets/atlas/atlas.png
  artifactKey: Guid(357c379fca2d038499654bfaa126b192) Importer(815301076,1909f56bfc062723c751e8b465ee728b)
Start importing Assets/atlas/atlas.png using Guid(357c379fca2d038499654bfaa126b192) Importer(815301076,1909f56bfc062723c751e8b465ee728b)  -> (artifact id: '465dab8efc640c23d889183b6658db18') in 0.486299 seconds 
========================================================================
Received Import Request.
  Time since last request: 174.734551 seconds.
  path: Assets/New Animation.anim
  artifactKey: Guid(2299578fdec929048b8af5da76bae084) Importer(815301076,1909f56bfc062723c751e8b465ee728b)
Start importing Assets/New Animation.anim using Guid(2299578fdec929048b8af5da76bae084) Importer(815301076,1909f56bfc062723c751e8b465ee728b)  -> (artifact id: '7984ca2dc2e1500696f1796bfbd434ae') in 0.010882 seconds 
========================================================================
Received Import Request.
  Time since last request: 20.336447 seconds.
  path: Assets/Stars.anim
  artifactKey: Guid(fc6e54a20150e114a838f3fceb84ce45) Importer(815301076,1909f56bfc062723c751e8b465ee728b)
Start importing Assets/Stars.anim using Guid(fc6e54a20150e114a838f3fceb84ce45) Importer(815301076,1909f56bfc062723c751e8b465ee728b)  -> (artifact id: '49fca0ca7bc80d8596ed494579d2a407') in 0.008835 seconds 
